2024-02-28 12:44:41,874 - automationLogger - INFO - login success
2024-02-28 12:45:41,325 - automationLogger - INFO - login success
2024-02-28 12:45:44,757 - automationLogger - INFO - workspace validated, url: https://admin.tez.io/workspaces/65d82c9058521dc38ff91d35
2024-02-28 12:45:44,785 - automationLogger - INFO - Added URL https://admin.tez.io/workspaces/65d82c9058521dc38ff91d35 for customer 12 Oaks Services to the csv
2024-02-28 12:45:48,057 - automationLogger - INFO - workspace validated, url: https://admin.tez.io/workspaces/65d82c9058521dc38ff91d35
2024-02-28 12:45:48,067 - automationLogger - INFO - Added URL https://admin.tez.io/workspaces/65d82c9058521dc38ff91d35 for customer 1540 Canal LLC to the csv
2024-02-28 12:45:51,413 - automationLogger - INFO - workspace validated, url: https://admin.tez.io/workspaces/65d82c9058521dc38ff91d35
2024-02-28 12:45:51,429 - automationLogger - INFO - Added URL https://admin.tez.io/workspaces/65d82c9058521dc38ff91d35 for customer 18975 Collins Condominium Association to the csv
2024-02-28 12:45:54,714 - automationLogger - INFO - workspace validated, url: https://admin.tez.io/workspaces/65d82c9058521dc38ff91d35
2024-02-28 12:45:54,726 - automationLogger - INFO - Added URL https://admin.tez.io/workspaces/65d82c9058521dc38ff91d35 for customer 2200 Fort Lauderdale Beach Master Association Inc to the csv
2024-02-28 12:45:58,067 - automationLogger - INFO - workspace validated, url: https://admin.tez.io/workspaces/65d82c9058521dc38ff91d35
2024-02-28 12:45:58,080 - automationLogger - INFO - Added URL https://admin.tez.io/workspaces/65d82c9058521dc38ff91d35 for customer 2200 Fort Lauderdale Beach Master Association Restaurant to the csv
2024-02-28 12:46:01,313 - automationLogger - INFO - workspace validated, url: https://admin.tez.io/workspaces/65d82c9058521dc38ff91d35
2024-02-28 12:46:01,325 - automationLogger - INFO - Added URL https://admin.tez.io/workspaces/65d82c9058521dc38ff91d35 for customer 237 Parking LLC to the csv
2024-02-28 12:46:04,564 - automationLogger - INFO - workspace validated, url: https://admin.tez.io/workspaces/65d82c9058521dc38ff91d35
2024-02-28 12:46:04,573 - automationLogger - INFO - Added URL https://admin.tez.io/workspaces/65d82c9058521dc38ff91d35 for customer 299 N Federal Master LLC to the csv
2024-02-28 12:46:07,817 - automationLogger - INFO - workspace validated, url: https://admin.tez.io/workspaces/65d82c9058521dc38ff91d35
2024-02-28 12:46:07,827 - automationLogger - INFO - Added URL https://admin.tez.io/workspaces/65d82c9058521dc38ff91d35 for customer 310 S Cascade Ave to the csv
2024-02-28 12:46:11,068 - automationLogger - INFO - workspace validated, url: https://admin.tez.io/workspaces/65d82c9058521dc38ff91d35
2024-02-28 12:46:11,078 - automationLogger - INFO - Added URL https://admin.tez.io/workspaces/65d82c9058521dc38ff91d35 for customer 3440 Broadway LLC to the csv
2024-02-28 12:46:14,354 - automationLogger - INFO - workspace validated, url: https://admin.tez.io/workspaces/65d82c9058521dc38ff91d35
2024-02-28 12:46:14,367 - automationLogger - INFO - Added URL https://admin.tez.io/workspaces/65d82c9058521dc38ff91d35 for customer 5 Star Valet Services LLC to the csv
2024-02-28 12:46:17,628 - automationLogger - INFO - workspace validated, url: https://admin.tez.io/workspaces/65d82c9058521dc38ff91d35
2024-02-28 12:46:17,639 - automationLogger - INFO - Added URL https://admin.tez.io/workspaces/65d82c9058521dc38ff91d35 for customer 5600 Condominium Association Inc to the csv
2024-02-28 12:46:20,877 - automationLogger - INFO - workspace validated, url: https://admin.tez.io/workspaces/65d82c9058521dc38ff91d35
2024-02-28 12:46:20,890 - automationLogger - INFO - Added URL https://admin.tez.io/workspaces/65d82c9058521dc38ff91d35 for customer 84 Truck & Trailer to the csv
2024-02-28 12:46:24,150 - automationLogger - INFO - workspace validated, url: https://admin.tez.io/workspaces/65d82c9058521dc38ff91d35
2024-02-28 12:46:24,162 - automationLogger - INFO - Added URL https://admin.tez.io/workspaces/65d82c9058521dc38ff91d35 for customer 8th Street Development to the csv
2024-02-28 12:46:27,427 - automationLogger - INFO - workspace validated, url: https://admin.tez.io/workspaces/65d82c9058521dc38ff91d35
2024-02-28 12:46:27,436 - automationLogger - INFO - Added URL https://admin.tez.io/workspaces/65d82c9058521dc38ff91d35 for customer A Veteran's Valet to the csv
2024-02-28 12:46:30,761 - automationLogger - INFO - workspace validated, url: https://admin.tez.io/workspaces/65d82c9058521dc38ff91d35
2024-02-28 12:46:30,769 - automationLogger - INFO - Added URL https://admin.tez.io/workspaces/65d82c9058521dc38ff91d35 for customer A&A Wrecker and Recovery LLC to the csv
2024-02-28 12:46:34,049 - automationLogger - INFO - workspace validated, url: https://admin.tez.io/workspaces/65d82c9058521dc38ff91d35
2024-02-28 12:46:34,058 - automationLogger - INFO - Added URL https://admin.tez.io/workspaces/65d82c9058521dc38ff91d35 for customer A1 Valet to the csv
2024-02-28 12:46:37,311 - automationLogger - INFO - workspace validated, url: https://admin.tez.io/workspaces/65d82c9058521dc38ff91d35
2024-02-28 12:46:37,319 - automationLogger - INFO - Added URL https://admin.tez.io/workspaces/65d82c9058521dc38ff91d35 for customer AAA Parking to the csv
2024-02-28 12:46:40,540 - automationLogger - INFO - workspace validated, url: https://admin.tez.io/workspaces/65d82c9058521dc38ff91d35
2024-02-28 12:46:40,548 - automationLogger - INFO - Added URL https://admin.tez.io/workspaces/65d82c9058521dc38ff91d35 for customer AB Parking to the csv
2024-02-28 12:59:45,670 - automationLogger - INFO - login success
2024-02-28 13:00:23,191 - automationLogger - INFO - login success
2024-02-28 13:01:20,211 - automationLogger - INFO - login success
2024-02-28 13:03:02,867 - automationLogger - INFO - login success
2024-02-28 13:07:30,752 - automationLogger - INFO - login success
2024-02-28 13:08:23,548 - automationLogger - INFO - login success
2024-02-28 13:08:48,188 - automationLogger - INFO - login success
2024-02-28 13:16:34,990 - automationLogger - INFO - login success
2024-02-28 13:17:57,238 - automationLogger - INFO - login success
2024-02-28 13:19:04,970 - automationLogger - INFO - login success
2024-02-28 13:19:43,979 - automationLogger - INFO - login success
2024-02-28 13:20:13,092 - automationLogger - INFO - login success
2024-02-28 13:22:13,483 - automationLogger - INFO - login success
2024-02-28 13:26:19,571 - automationLogger - INFO - login success
2024-02-28 13:27:28,655 - automationLogger - INFO - login success
2024-02-28 13:28:34,369 - automationLogger - INFO - login success
2024-02-28 13:37:05,760 - automationLogger - INFO - login success
2024-02-28 13:38:14,870 - automationLogger - INFO - login success
2024-02-28 13:43:09,751 - automationLogger - INFO - login success
2024-02-28 13:43:36,797 - automationLogger - INFO - login success
2024-02-28 13:44:03,198 - automationLogger - INFO - login success
2024-02-28 13:45:16,130 - automationLogger - INFO - login success
2024-02-28 13:46:19,655 - automationLogger - INFO - login success
2024-02-28 13:51:53,103 - automationLogger - INFO - login success
2024-02-28 13:52:26,218 - automationLogger - INFO - login success
2024-02-28 13:53:48,280 - automationLogger - INFO - login success
2024-02-28 13:57:13,136 - automationLogger - INFO - login success
2024-02-28 14:00:03,556 - automationLogger - INFO - login success
2024-02-28 14:02:23,336 - automationLogger - INFO - login success
2024-02-28 14:03:45,929 - automationLogger - INFO - login success
2024-02-28 14:04:16,604 - automationLogger - INFO - workspace validated, url: https://admin.tez.io/workspaces/65d82c9058521dc38ff91d35
2024-02-28 14:07:53,309 - automationLogger - INFO - login success
2024-02-28 14:09:54,315 - automationLogger - INFO - login success
2024-02-28 14:11:11,489 - automationLogger - INFO - login success
2024-02-28 14:12:47,380 - automationLogger - INFO - login success
2024-02-28 14:15:39,712 - automationLogger - INFO - login success
2024-02-28 14:17:36,346 - automationLogger - INFO - login success
2024-02-28 14:30:38,814 - automationLogger - INFO - login success
2024-02-28 14:34:09,005 - automationLogger - INFO - login success
2024-02-28 14:34:17,896 - automationLogger - ERROR - NoSuchElementException: Message: no such element: Unable to locate element: {"method":"css selector","selector":".relative:nth-child(1) > .break-all .w-\[100px\]"}
  (Session info: chrome=122.0.6261.69); For documentation on this error, please visit: https://www.selenium.dev/documentation/webdriver/troubleshooting/errors#no-such-element-exception
Stacktrace:
	GetHandleVerifier [0x00007FF62E75AD22+56930]
	(No symbol) [0x00007FF62E6CF622]
	(No symbol) [0x00007FF62E5842E5]
	(No symbol) [0x00007FF62E5C98ED]
	(No symbol) [0x00007FF62E5C9A2C]
	(No symbol) [0x00007FF62E60A967]
	(No symbol) [0x00007FF62E5EBCDF]
	(No symbol) [0x00007FF62E6081E2]
	(No symbol) [0x00007FF62E5EBA43]
	(No symbol) [0x00007FF62E5BD438]
	(No symbol) [0x00007FF62E5BE4D1]
	GetHandleVerifier [0x00007FF62EAD6AAD+3709933]
	GetHandleVerifier [0x00007FF62EB2FFED+4075821]
	GetHandleVerifier [0x00007FF62EB2817F+4043455]
	GetHandleVerifier [0x00007FF62E7F9756+706710]
	(No symbol) [0x00007FF62E6DB8FF]
	(No symbol) [0x00007FF62E6D6AE4]
	(No symbol) [0x00007FF62E6D6C3C]
	(No symbol) [0x00007FF62E6C68F4]
	BaseThreadInitThunk [0x00007FFFE413257D+29]
	RtlUserThreadStart [0x00007FFFE468AA58+40]

2024-02-28 14:34:17,896 - automationLogger - INFO - Element not found in workspace
2024-02-28 14:34:17,896 - automationLogger - INFO - Found workspace: not in workspace
2024-02-28 14:34:26,712 - automationLogger - ERROR - NoSuchElementException: Message: no such element: Unable to locate element: {"method":"css selector","selector":".relative:nth-child(1) > .break-all .w-\[100px\]"}
  (Session info: chrome=122.0.6261.69); For documentation on this error, please visit: https://www.selenium.dev/documentation/webdriver/troubleshooting/errors#no-such-element-exception
Stacktrace:
	GetHandleVerifier [0x00007FF62E75AD22+56930]
	(No symbol) [0x00007FF62E6CF622]
	(No symbol) [0x00007FF62E5842E5]
	(No symbol) [0x00007FF62E5C98ED]
	(No symbol) [0x00007FF62E5C9A2C]
	(No symbol) [0x00007FF62E60A967]
	(No symbol) [0x00007FF62E5EBCDF]
	(No symbol) [0x00007FF62E6081E2]
	(No symbol) [0x00007FF62E5EBA43]
	(No symbol) [0x00007FF62E5BD438]
	(No symbol) [0x00007FF62E5BE4D1]
	GetHandleVerifier [0x00007FF62EAD6AAD+3709933]
	GetHandleVerifier [0x00007FF62EB2FFED+4075821]
	GetHandleVerifier [0x00007FF62EB2817F+4043455]
	GetHandleVerifier [0x00007FF62E7F9756+706710]
	(No symbol) [0x00007FF62E6DB8FF]
	(No symbol) [0x00007FF62E6D6AE4]
	(No symbol) [0x00007FF62E6D6C3C]
	(No symbol) [0x00007FF62E6C68F4]
	BaseThreadInitThunk [0x00007FFFE413257D+29]
	RtlUserThreadStart [0x00007FFFE468AA58+40]

2024-02-28 14:34:26,713 - automationLogger - INFO - Element not found in workspace
2024-02-28 14:34:26,713 - automationLogger - INFO - Found workspace: not in workspace
2024-02-28 14:34:35,598 - automationLogger - ERROR - NoSuchElementException: Message: no such element: Unable to locate element: {"method":"css selector","selector":".relative:nth-child(1) > .break-all .w-\[100px\]"}
  (Session info: chrome=122.0.6261.69); For documentation on this error, please visit: https://www.selenium.dev/documentation/webdriver/troubleshooting/errors#no-such-element-exception
Stacktrace:
	GetHandleVerifier [0x00007FF62E75AD22+56930]
	(No symbol) [0x00007FF62E6CF622]
	(No symbol) [0x00007FF62E5842E5]
	(No symbol) [0x00007FF62E5C98ED]
	(No symbol) [0x00007FF62E5C9A2C]
	(No symbol) [0x00007FF62E60A967]
	(No symbol) [0x00007FF62E5EBCDF]
	(No symbol) [0x00007FF62E6081E2]
	(No symbol) [0x00007FF62E5EBA43]
	(No symbol) [0x00007FF62E5BD438]
	(No symbol) [0x00007FF62E5BE4D1]
	GetHandleVerifier [0x00007FF62EAD6AAD+3709933]
	GetHandleVerifier [0x00007FF62EB2FFED+4075821]
	GetHandleVerifier [0x00007FF62EB2817F+4043455]
	GetHandleVerifier [0x00007FF62E7F9756+706710]
	(No symbol) [0x00007FF62E6DB8FF]
	(No symbol) [0x00007FF62E6D6AE4]
	(No symbol) [0x00007FF62E6D6C3C]
	(No symbol) [0x00007FF62E6C68F4]
	BaseThreadInitThunk [0x00007FFFE413257D+29]
	RtlUserThreadStart [0x00007FFFE468AA58+40]

2024-02-28 14:34:35,599 - automationLogger - INFO - Element not found in workspace
2024-02-28 14:34:35,599 - automationLogger - INFO - Found workspace: not in workspace
2024-02-28 14:34:43,887 - automationLogger - INFO - Doesn't match. Trying again...
2024-02-28 14:34:52,641 - automationLogger - ERROR - NoSuchElementException: Message: no such element: Unable to locate element: {"method":"css selector","selector":".relative:nth-child(1) > .break-all .w-\[100px\]"}
  (Session info: chrome=122.0.6261.69); For documentation on this error, please visit: https://www.selenium.dev/documentation/webdriver/troubleshooting/errors#no-such-element-exception
Stacktrace:
	GetHandleVerifier [0x00007FF62E75AD22+56930]
	(No symbol) [0x00007FF62E6CF622]
	(No symbol) [0x00007FF62E5842E5]
	(No symbol) [0x00007FF62E5C98ED]
	(No symbol) [0x00007FF62E5C9A2C]
	(No symbol) [0x00007FF62E60A967]
	(No symbol) [0x00007FF62E5EBCDF]
	(No symbol) [0x00007FF62E6081E2]
	(No symbol) [0x00007FF62E5EBA43]
	(No symbol) [0x00007FF62E5BD438]
	(No symbol) [0x00007FF62E5BE4D1]
	GetHandleVerifier [0x00007FF62EAD6AAD+3709933]
	GetHandleVerifier [0x00007FF62EB2FFED+4075821]
	GetHandleVerifier [0x00007FF62EB2817F+4043455]
	GetHandleVerifier [0x00007FF62E7F9756+706710]
	(No symbol) [0x00007FF62E6DB8FF]
	(No symbol) [0x00007FF62E6D6AE4]
	(No symbol) [0x00007FF62E6D6C3C]
	(No symbol) [0x00007FF62E6C68F4]
	BaseThreadInitThunk [0x00007FFFE413257D+29]
	RtlUserThreadStart [0x00007FFFE468AA58+40]

2024-02-28 14:34:52,641 - automationLogger - INFO - Element not found in workspace
2024-02-28 14:34:52,642 - automationLogger - INFO - Found workspace: not in workspace
2024-02-28 14:39:13,842 - automationLogger - INFO - login success
2024-02-28 14:39:22,770 - automationLogger - ERROR - NoSuchElementException: Message: no such element: Unable to locate element: {"method":"css selector","selector":".relative:nth-child(1) > .break-all .w-\[100px\]"}
  (Session info: chrome=122.0.6261.69); For documentation on this error, please visit: https://www.selenium.dev/documentation/webdriver/troubleshooting/errors#no-such-element-exception
Stacktrace:
	GetHandleVerifier [0x00007FF62E75AD22+56930]
	(No symbol) [0x00007FF62E6CF622]
	(No symbol) [0x00007FF62E5842E5]
	(No symbol) [0x00007FF62E5C98ED]
	(No symbol) [0x00007FF62E5C9A2C]
	(No symbol) [0x00007FF62E60A967]
	(No symbol) [0x00007FF62E5EBCDF]
	(No symbol) [0x00007FF62E6081E2]
	(No symbol) [0x00007FF62E5EBA43]
	(No symbol) [0x00007FF62E5BD438]
	(No symbol) [0x00007FF62E5BE4D1]
	GetHandleVerifier [0x00007FF62EAD6AAD+3709933]
	GetHandleVerifier [0x00007FF62EB2FFED+4075821]
	GetHandleVerifier [0x00007FF62EB2817F+4043455]
	GetHandleVerifier [0x00007FF62E7F9756+706710]
	(No symbol) [0x00007FF62E6DB8FF]
	(No symbol) [0x00007FF62E6D6AE4]
	(No symbol) [0x00007FF62E6D6C3C]
	(No symbol) [0x00007FF62E6C68F4]
	BaseThreadInitThunk [0x00007FFFE413257D+29]
	RtlUserThreadStart [0x00007FFFE468AA58+40]

2024-02-28 14:39:22,771 - automationLogger - INFO - Element 12 Oaks Services not found in workspace
2024-02-28 14:39:22,771 - automationLogger - INFO - No URL found for 12 Oaks Services
2024-02-28 14:39:31,489 - automationLogger - ERROR - NoSuchElementException: Message: no such element: Unable to locate element: {"method":"css selector","selector":".relative:nth-child(1) > .break-all .w-\[100px\]"}
  (Session info: chrome=122.0.6261.69); For documentation on this error, please visit: https://www.selenium.dev/documentation/webdriver/troubleshooting/errors#no-such-element-exception
Stacktrace:
	GetHandleVerifier [0x00007FF62E75AD22+56930]
	(No symbol) [0x00007FF62E6CF622]
	(No symbol) [0x00007FF62E5842E5]
	(No symbol) [0x00007FF62E5C98ED]
	(No symbol) [0x00007FF62E5C9A2C]
	(No symbol) [0x00007FF62E60A967]
	(No symbol) [0x00007FF62E5EBCDF]
	(No symbol) [0x00007FF62E6081E2]
	(No symbol) [0x00007FF62E5EBA43]
	(No symbol) [0x00007FF62E5BD438]
	(No symbol) [0x00007FF62E5BE4D1]
	GetHandleVerifier [0x00007FF62EAD6AAD+3709933]
	GetHandleVerifier [0x00007FF62EB2FFED+4075821]
	GetHandleVerifier [0x00007FF62EB2817F+4043455]
	GetHandleVerifier [0x00007FF62E7F9756+706710]
	(No symbol) [0x00007FF62E6DB8FF]
	(No symbol) [0x00007FF62E6D6AE4]
	(No symbol) [0x00007FF62E6D6C3C]
	(No symbol) [0x00007FF62E6C68F4]
	BaseThreadInitThunk [0x00007FFFE413257D+29]
	RtlUserThreadStart [0x00007FFFE468AA58+40]

2024-02-28 14:39:31,490 - automationLogger - INFO - Element 1540 Canal LLC not found in workspace
2024-02-28 14:39:31,490 - automationLogger - INFO - No URL found for 1540 Canal LLC
2024-02-28 14:39:40,300 - automationLogger - ERROR - NoSuchElementException: Message: no such element: Unable to locate element: {"method":"css selector","selector":".relative:nth-child(1) > .break-all .w-\[100px\]"}
  (Session info: chrome=122.0.6261.69); For documentation on this error, please visit: https://www.selenium.dev/documentation/webdriver/troubleshooting/errors#no-such-element-exception
Stacktrace:
	GetHandleVerifier [0x00007FF62E75AD22+56930]
	(No symbol) [0x00007FF62E6CF622]
	(No symbol) [0x00007FF62E5842E5]
	(No symbol) [0x00007FF62E5C98ED]
	(No symbol) [0x00007FF62E5C9A2C]
	(No symbol) [0x00007FF62E60A967]
	(No symbol) [0x00007FF62E5EBCDF]
	(No symbol) [0x00007FF62E6081E2]
	(No symbol) [0x00007FF62E5EBA43]
	(No symbol) [0x00007FF62E5BD438]
	(No symbol) [0x00007FF62E5BE4D1]
	GetHandleVerifier [0x00007FF62EAD6AAD+3709933]
	GetHandleVerifier [0x00007FF62EB2FFED+4075821]
	GetHandleVerifier [0x00007FF62EB2817F+4043455]
	GetHandleVerifier [0x00007FF62E7F9756+706710]
	(No symbol) [0x00007FF62E6DB8FF]
	(No symbol) [0x00007FF62E6D6AE4]
	(No symbol) [0x00007FF62E6D6C3C]
	(No symbol) [0x00007FF62E6C68F4]
	BaseThreadInitThunk [0x00007FFFE413257D+29]
	RtlUserThreadStart [0x00007FFFE468AA58+40]

2024-02-28 14:39:40,300 - automationLogger - INFO - Element 18975 Collins Condominium Association not found in workspace
2024-02-28 14:39:40,300 - automationLogger - INFO - No URL found for 18975 Collins Condominium Association
2024-02-28 14:39:49,080 - automationLogger - ERROR - NoSuchElementException: Message: no such element: Unable to locate element: {"method":"css selector","selector":".relative:nth-child(1) > .break-all .w-\[100px\]"}
  (Session info: chrome=122.0.6261.69); For documentation on this error, please visit: https://www.selenium.dev/documentation/webdriver/troubleshooting/errors#no-such-element-exception
Stacktrace:
	GetHandleVerifier [0x00007FF62E75AD22+56930]
	(No symbol) [0x00007FF62E6CF622]
	(No symbol) [0x00007FF62E5842E5]
	(No symbol) [0x00007FF62E5C98ED]
	(No symbol) [0x00007FF62E5C9A2C]
	(No symbol) [0x00007FF62E60A967]
	(No symbol) [0x00007FF62E5EBCDF]
	(No symbol) [0x00007FF62E6081E2]
	(No symbol) [0x00007FF62E5EBA43]
	(No symbol) [0x00007FF62E5BD438]
	(No symbol) [0x00007FF62E5BE4D1]
	GetHandleVerifier [0x00007FF62EAD6AAD+3709933]
	GetHandleVerifier [0x00007FF62EB2FFED+4075821]
	GetHandleVerifier [0x00007FF62EB2817F+4043455]
	GetHandleVerifier [0x00007FF62E7F9756+706710]
	(No symbol) [0x00007FF62E6DB8FF]
	(No symbol) [0x00007FF62E6D6AE4]
	(No symbol) [0x00007FF62E6D6C3C]
	(No symbol) [0x00007FF62E6C68F4]
	BaseThreadInitThunk [0x00007FFFE413257D+29]
	RtlUserThreadStart [0x00007FFFE468AA58+40]

2024-02-28 14:39:49,080 - automationLogger - INFO - Element 2200 Fort Lauderdale Beach Master Association Inc not found in workspace
2024-02-28 14:39:49,080 - automationLogger - INFO - No URL found for 2200 Fort Lauderdale Beach Master Association Inc
2024-02-28 14:39:59,534 - automationLogger - INFO - Doesn't match. Trying again...
2024-02-28 14:40:09,452 - automationLogger - INFO - Doesn't match. Trying again...
2024-02-28 14:40:18,210 - automationLogger - ERROR - NoSuchElementException: Message: no such element: Unable to locate element: {"method":"css selector","selector":".relative:nth-child(1) > .break-all .w-\[100px\]"}
  (Session info: chrome=122.0.6261.69); For documentation on this error, please visit: https://www.selenium.dev/documentation/webdriver/troubleshooting/errors#no-such-element-exception
Stacktrace:
	GetHandleVerifier [0x00007FF62E75AD22+56930]
	(No symbol) [0x00007FF62E6CF622]
	(No symbol) [0x00007FF62E5842E5]
	(No symbol) [0x00007FF62E5C98ED]
	(No symbol) [0x00007FF62E5C9A2C]
	(No symbol) [0x00007FF62E60A967]
	(No symbol) [0x00007FF62E5EBCDF]
	(No symbol) [0x00007FF62E6081E2]
	(No symbol) [0x00007FF62E5EBA43]
	(No symbol) [0x00007FF62E5BD438]
	(No symbol) [0x00007FF62E5BE4D1]
	GetHandleVerifier [0x00007FF62EAD6AAD+3709933]
	GetHandleVerifier [0x00007FF62EB2FFED+4075821]
	GetHandleVerifier [0x00007FF62EB2817F+4043455]
	GetHandleVerifier [0x00007FF62E7F9756+706710]
	(No symbol) [0x00007FF62E6DB8FF]
	(No symbol) [0x00007FF62E6D6AE4]
	(No symbol) [0x00007FF62E6D6C3C]
	(No symbol) [0x00007FF62E6C68F4]
	BaseThreadInitThunk [0x00007FFFE413257D+29]
	RtlUserThreadStart [0x00007FFFE468AA58+40]

2024-02-28 14:40:18,210 - automationLogger - INFO - Element 2200 Fort Lauderdale Beach Master Association Restaurant not found in workspace
2024-02-28 14:40:18,210 - automationLogger - INFO - No URL found for 2200 Fort Lauderdale Beach Master Association Restaurant
2024-02-28 14:40:26,521 - automationLogger - INFO - Doesn't match. Trying again...
2024-02-28 14:40:35,262 - automationLogger - ERROR - NoSuchElementException: Message: no such element: Unable to locate element: {"method":"css selector","selector":".relative:nth-child(1) > .break-all .w-\[100px\]"}
  (Session info: chrome=122.0.6261.69); For documentation on this error, please visit: https://www.selenium.dev/documentation/webdriver/troubleshooting/errors#no-such-element-exception
Stacktrace:
	GetHandleVerifier [0x00007FF62E75AD22+56930]
	(No symbol) [0x00007FF62E6CF622]
	(No symbol) [0x00007FF62E5842E5]
	(No symbol) [0x00007FF62E5C98ED]
	(No symbol) [0x00007FF62E5C9A2C]
	(No symbol) [0x00007FF62E60A967]
	(No symbol) [0x00007FF62E5EBCDF]
	(No symbol) [0x00007FF62E6081E2]
	(No symbol) [0x00007FF62E5EBA43]
	(No symbol) [0x00007FF62E5BD438]
	(No symbol) [0x00007FF62E5BE4D1]
	GetHandleVerifier [0x00007FF62EAD6AAD+3709933]
	GetHandleVerifier [0x00007FF62EB2FFED+4075821]
	GetHandleVerifier [0x00007FF62EB2817F+4043455]
	GetHandleVerifier [0x00007FF62E7F9756+706710]
	(No symbol) [0x00007FF62E6DB8FF]
	(No symbol) [0x00007FF62E6D6AE4]
	(No symbol) [0x00007FF62E6D6C3C]
	(No symbol) [0x00007FF62E6C68F4]
	BaseThreadInitThunk [0x00007FFFE413257D+29]
	RtlUserThreadStart [0x00007FFFE468AA58+40]

2024-02-28 14:40:35,262 - automationLogger - INFO - Element 237 Parking LLC not found in workspace
2024-02-28 14:40:35,263 - automationLogger - INFO - No URL found for 237 Parking LLC
2024-02-28 14:40:44,045 - automationLogger - ERROR - NoSuchElementException: Message: no such element: Unable to locate element: {"method":"css selector","selector":".relative:nth-child(1) > .break-all .w-\[100px\]"}
  (Session info: chrome=122.0.6261.69); For documentation on this error, please visit: https://www.selenium.dev/documentation/webdriver/troubleshooting/errors#no-such-element-exception
Stacktrace:
	GetHandleVerifier [0x00007FF62E75AD22+56930]
	(No symbol) [0x00007FF62E6CF622]
	(No symbol) [0x00007FF62E5842E5]
	(No symbol) [0x00007FF62E5C98ED]
	(No symbol) [0x00007FF62E5C9A2C]
	(No symbol) [0x00007FF62E60A967]
	(No symbol) [0x00007FF62E5EBCDF]
	(No symbol) [0x00007FF62E6081E2]
	(No symbol) [0x00007FF62E5EBA43]
	(No symbol) [0x00007FF62E5BD438]
	(No symbol) [0x00007FF62E5BE4D1]
	GetHandleVerifier [0x00007FF62EAD6AAD+3709933]
	GetHandleVerifier [0x00007FF62EB2FFED+4075821]
	GetHandleVerifier [0x00007FF62EB2817F+4043455]
	GetHandleVerifier [0x00007FF62E7F9756+706710]
	(No symbol) [0x00007FF62E6DB8FF]
	(No symbol) [0x00007FF62E6D6AE4]
	(No symbol) [0x00007FF62E6D6C3C]
	(No symbol) [0x00007FF62E6C68F4]
	BaseThreadInitThunk [0x00007FFFE413257D+29]
	RtlUserThreadStart [0x00007FFFE468AA58+40]

2024-02-28 14:40:44,045 - automationLogger - INFO - Element 299 N Federal Master LLC not found in workspace
2024-02-28 14:40:44,045 - automationLogger - INFO - No URL found for 299 N Federal Master LLC
2024-02-28 14:40:52,812 - automationLogger - ERROR - NoSuchElementException: Message: no such element: Unable to locate element: {"method":"css selector","selector":".relative:nth-child(1) > .break-all .w-\[100px\]"}
  (Session info: chrome=122.0.6261.69); For documentation on this error, please visit: https://www.selenium.dev/documentation/webdriver/troubleshooting/errors#no-such-element-exception
Stacktrace:
	GetHandleVerifier [0x00007FF62E75AD22+56930]
	(No symbol) [0x00007FF62E6CF622]
	(No symbol) [0x00007FF62E5842E5]
	(No symbol) [0x00007FF62E5C98ED]
	(No symbol) [0x00007FF62E5C9A2C]
	(No symbol) [0x00007FF62E60A967]
	(No symbol) [0x00007FF62E5EBCDF]
	(No symbol) [0x00007FF62E6081E2]
	(No symbol) [0x00007FF62E5EBA43]
	(No symbol) [0x00007FF62E5BD438]
	(No symbol) [0x00007FF62E5BE4D1]
	GetHandleVerifier [0x00007FF62EAD6AAD+3709933]
	GetHandleVerifier [0x00007FF62EB2FFED+4075821]
	GetHandleVerifier [0x00007FF62EB2817F+4043455]
	GetHandleVerifier [0x00007FF62E7F9756+706710]
	(No symbol) [0x00007FF62E6DB8FF]
	(No symbol) [0x00007FF62E6D6AE4]
	(No symbol) [0x00007FF62E6D6C3C]
	(No symbol) [0x00007FF62E6C68F4]
	BaseThreadInitThunk [0x00007FFFE413257D+29]
	RtlUserThreadStart [0x00007FFFE468AA58+40]

2024-02-28 14:40:52,812 - automationLogger - INFO - Element 310 S Cascade Ave not found in workspace
2024-02-28 14:40:52,812 - automationLogger - INFO - No URL found for 310 S Cascade Ave
2024-02-28 14:41:01,600 - automationLogger - ERROR - NoSuchElementException: Message: no such element: Unable to locate element: {"method":"css selector","selector":".relative:nth-child(1) > .break-all .w-\[100px\]"}
  (Session info: chrome=122.0.6261.69); For documentation on this error, please visit: https://www.selenium.dev/documentation/webdriver/troubleshooting/errors#no-such-element-exception
Stacktrace:
	GetHandleVerifier [0x00007FF62E75AD22+56930]
	(No symbol) [0x00007FF62E6CF622]
	(No symbol) [0x00007FF62E5842E5]
	(No symbol) [0x00007FF62E5C98ED]
	(No symbol) [0x00007FF62E5C9A2C]
	(No symbol) [0x00007FF62E60A967]
	(No symbol) [0x00007FF62E5EBCDF]
	(No symbol) [0x00007FF62E6081E2]
	(No symbol) [0x00007FF62E5EBA43]
	(No symbol) [0x00007FF62E5BD438]
	(No symbol) [0x00007FF62E5BE4D1]
	GetHandleVerifier [0x00007FF62EAD6AAD+3709933]
	GetHandleVerifier [0x00007FF62EB2FFED+4075821]
	GetHandleVerifier [0x00007FF62EB2817F+4043455]
	GetHandleVerifier [0x00007FF62E7F9756+706710]
	(No symbol) [0x00007FF62E6DB8FF]
	(No symbol) [0x00007FF62E6D6AE4]
	(No symbol) [0x00007FF62E6D6C3C]
	(No symbol) [0x00007FF62E6C68F4]
	BaseThreadInitThunk [0x00007FFFE413257D+29]
	RtlUserThreadStart [0x00007FFFE468AA58+40]

2024-02-28 14:41:01,601 - automationLogger - INFO - Element 3440 Broadway LLC not found in workspace
2024-02-28 14:41:01,601 - automationLogger - INFO - No URL found for 3440 Broadway LLC
2024-02-28 14:41:10,373 - automationLogger - ERROR - NoSuchElementException: Message: no such element: Unable to locate element: {"method":"css selector","selector":".relative:nth-child(1) > .break-all .w-\[100px\]"}
  (Session info: chrome=122.0.6261.69); For documentation on this error, please visit: https://www.selenium.dev/documentation/webdriver/troubleshooting/errors#no-such-element-exception
Stacktrace:
	GetHandleVerifier [0x00007FF62E75AD22+56930]
	(No symbol) [0x00007FF62E6CF622]
	(No symbol) [0x00007FF62E5842E5]
	(No symbol) [0x00007FF62E5C98ED]
	(No symbol) [0x00007FF62E5C9A2C]
	(No symbol) [0x00007FF62E60A967]
	(No symbol) [0x00007FF62E5EBCDF]
	(No symbol) [0x00007FF62E6081E2]
	(No symbol) [0x00007FF62E5EBA43]
	(No symbol) [0x00007FF62E5BD438]
	(No symbol) [0x00007FF62E5BE4D1]
	GetHandleVerifier [0x00007FF62EAD6AAD+3709933]
	GetHandleVerifier [0x00007FF62EB2FFED+4075821]
	GetHandleVerifier [0x00007FF62EB2817F+4043455]
	GetHandleVerifier [0x00007FF62E7F9756+706710]
	(No symbol) [0x00007FF62E6DB8FF]
	(No symbol) [0x00007FF62E6D6AE4]
	(No symbol) [0x00007FF62E6D6C3C]
	(No symbol) [0x00007FF62E6C68F4]
	BaseThreadInitThunk [0x00007FFFE413257D+29]
	RtlUserThreadStart [0x00007FFFE468AA58+40]

2024-02-28 14:41:10,373 - automationLogger - INFO - Element 5 Star Valet Services LLC not found in workspace
2024-02-28 14:41:10,373 - automationLogger - INFO - No URL found for 5 Star Valet Services LLC
2024-02-28 14:41:19,203 - automationLogger - ERROR - NoSuchElementException: Message: no such element: Unable to locate element: {"method":"css selector","selector":".relative:nth-child(1) > .break-all .w-\[100px\]"}
  (Session info: chrome=122.0.6261.69); For documentation on this error, please visit: https://www.selenium.dev/documentation/webdriver/troubleshooting/errors#no-such-element-exception
Stacktrace:
	GetHandleVerifier [0x00007FF62E75AD22+56930]
	(No symbol) [0x00007FF62E6CF622]
	(No symbol) [0x00007FF62E5842E5]
	(No symbol) [0x00007FF62E5C98ED]
	(No symbol) [0x00007FF62E5C9A2C]
	(No symbol) [0x00007FF62E60A967]
	(No symbol) [0x00007FF62E5EBCDF]
	(No symbol) [0x00007FF62E6081E2]
	(No symbol) [0x00007FF62E5EBA43]
	(No symbol) [0x00007FF62E5BD438]
	(No symbol) [0x00007FF62E5BE4D1]
	GetHandleVerifier [0x00007FF62EAD6AAD+3709933]
	GetHandleVerifier [0x00007FF62EB2FFED+4075821]
	GetHandleVerifier [0x00007FF62EB2817F+4043455]
	GetHandleVerifier [0x00007FF62E7F9756+706710]
	(No symbol) [0x00007FF62E6DB8FF]
	(No symbol) [0x00007FF62E6D6AE4]
	(No symbol) [0x00007FF62E6D6C3C]
	(No symbol) [0x00007FF62E6C68F4]
	BaseThreadInitThunk [0x00007FFFE413257D+29]
	RtlUserThreadStart [0x00007FFFE468AA58+40]

2024-02-28 14:41:19,203 - automationLogger - INFO - Element 5600 Condominium Association Inc not found in workspace
2024-02-28 14:41:19,203 - automationLogger - INFO - No URL found for 5600 Condominium Association Inc
2024-02-28 14:41:27,932 - automationLogger - ERROR - NoSuchElementException: Message: no such element: Unable to locate element: {"method":"css selector","selector":".relative:nth-child(1) > .break-all .w-\[100px\]"}
  (Session info: chrome=122.0.6261.69); For documentation on this error, please visit: https://www.selenium.dev/documentation/webdriver/troubleshooting/errors#no-such-element-exception
Stacktrace:
	GetHandleVerifier [0x00007FF62E75AD22+56930]
	(No symbol) [0x00007FF62E6CF622]
	(No symbol) [0x00007FF62E5842E5]
	(No symbol) [0x00007FF62E5C98ED]
	(No symbol) [0x00007FF62E5C9A2C]
	(No symbol) [0x00007FF62E60A967]
	(No symbol) [0x00007FF62E5EBCDF]
	(No symbol) [0x00007FF62E6081E2]
	(No symbol) [0x00007FF62E5EBA43]
	(No symbol) [0x00007FF62E5BD438]
	(No symbol) [0x00007FF62E5BE4D1]
	GetHandleVerifier [0x00007FF62EAD6AAD+3709933]
	GetHandleVerifier [0x00007FF62EB2FFED+4075821]
	GetHandleVerifier [0x00007FF62EB2817F+4043455]
	GetHandleVerifier [0x00007FF62E7F9756+706710]
	(No symbol) [0x00007FF62E6DB8FF]
	(No symbol) [0x00007FF62E6D6AE4]
	(No symbol) [0x00007FF62E6D6C3C]
	(No symbol) [0x00007FF62E6C68F4]
	BaseThreadInitThunk [0x00007FFFE413257D+29]
	RtlUserThreadStart [0x00007FFFE468AA58+40]

2024-02-28 14:41:27,933 - automationLogger - INFO - Element 84 Truck & Trailer not found in workspace
2024-02-28 14:41:27,933 - automationLogger - INFO - No URL found for 84 Truck & Trailer
2024-02-28 14:41:36,168 - automationLogger - INFO - matched
2024-02-28 14:41:36,247 - automationLogger - INFO - Found workspace for: 8th Street Development under https://admin.tez.io/workspaces/6545003ca42f83c8aeca4250
2024-02-28 14:41:45,015 - automationLogger - ERROR - NoSuchElementException: Message: no such element: Unable to locate element: {"method":"css selector","selector":".relative:nth-child(1) > .break-all .w-\[100px\]"}
  (Session info: chrome=122.0.6261.69); For documentation on this error, please visit: https://www.selenium.dev/documentation/webdriver/troubleshooting/errors#no-such-element-exception
Stacktrace:
	GetHandleVerifier [0x00007FF62E75AD22+56930]
	(No symbol) [0x00007FF62E6CF622]
	(No symbol) [0x00007FF62E5842E5]
	(No symbol) [0x00007FF62E5C98ED]
	(No symbol) [0x00007FF62E5C9A2C]
	(No symbol) [0x00007FF62E60A967]
	(No symbol) [0x00007FF62E5EBCDF]
	(No symbol) [0x00007FF62E6081E2]
	(No symbol) [0x00007FF62E5EBA43]
	(No symbol) [0x00007FF62E5BD438]
	(No symbol) [0x00007FF62E5BE4D1]
	GetHandleVerifier [0x00007FF62EAD6AAD+3709933]
	GetHandleVerifier [0x00007FF62EB2FFED+4075821]
	GetHandleVerifier [0x00007FF62EB2817F+4043455]
	GetHandleVerifier [0x00007FF62E7F9756+706710]
	(No symbol) [0x00007FF62E6DB8FF]
	(No symbol) [0x00007FF62E6D6AE4]
	(No symbol) [0x00007FF62E6D6C3C]
	(No symbol) [0x00007FF62E6C68F4]
	BaseThreadInitThunk [0x00007FFFE413257D+29]
	RtlUserThreadStart [0x00007FFFE468AA58+40]

2024-02-28 14:41:45,016 - automationLogger - INFO - Element A Veteran's Valet not found in workspace
2024-02-28 14:41:45,017 - automationLogger - INFO - No URL found for A Veteran's Valet
2024-02-28 14:41:53,867 - automationLogger - ERROR - NoSuchElementException: Message: no such element: Unable to locate element: {"method":"css selector","selector":".relative:nth-child(1) > .break-all .w-\[100px\]"}
  (Session info: chrome=122.0.6261.69); For documentation on this error, please visit: https://www.selenium.dev/documentation/webdriver/troubleshooting/errors#no-such-element-exception
Stacktrace:
	GetHandleVerifier [0x00007FF62E75AD22+56930]
	(No symbol) [0x00007FF62E6CF622]
	(No symbol) [0x00007FF62E5842E5]
	(No symbol) [0x00007FF62E5C98ED]
	(No symbol) [0x00007FF62E5C9A2C]
	(No symbol) [0x00007FF62E60A967]
	(No symbol) [0x00007FF62E5EBCDF]
	(No symbol) [0x00007FF62E6081E2]
	(No symbol) [0x00007FF62E5EBA43]
	(No symbol) [0x00007FF62E5BD438]
	(No symbol) [0x00007FF62E5BE4D1]
	GetHandleVerifier [0x00007FF62EAD6AAD+3709933]
	GetHandleVerifier [0x00007FF62EB2FFED+4075821]
	GetHandleVerifier [0x00007FF62EB2817F+4043455]
	GetHandleVerifier [0x00007FF62E7F9756+706710]
	(No symbol) [0x00007FF62E6DB8FF]
	(No symbol) [0x00007FF62E6D6AE4]
	(No symbol) [0x00007FF62E6D6C3C]
	(No symbol) [0x00007FF62E6C68F4]
	BaseThreadInitThunk [0x00007FFFE413257D+29]
	RtlUserThreadStart [0x00007FFFE468AA58+40]

2024-02-28 14:41:53,870 - automationLogger - INFO - Element A&A Wrecker and Recovery LLC not found in workspace
2024-02-28 14:41:53,870 - automationLogger - INFO - No URL found for A&A Wrecker and Recovery LLC
2024-02-28 14:42:04,159 - automationLogger - INFO - Doesn't match. Trying again...
2024-02-28 14:42:12,893 - automationLogger - ERROR - NoSuchElementException: Message: no such element: Unable to locate element: {"method":"css selector","selector":".relative:nth-child(1) > .break-all .w-\[100px\]"}
  (Session info: chrome=122.0.6261.69); For documentation on this error, please visit: https://www.selenium.dev/documentation/webdriver/troubleshooting/errors#no-such-element-exception
Stacktrace:
	GetHandleVerifier [0x00007FF62E75AD22+56930]
	(No symbol) [0x00007FF62E6CF622]
	(No symbol) [0x00007FF62E5842E5]
	(No symbol) [0x00007FF62E5C98ED]
	(No symbol) [0x00007FF62E5C9A2C]
	(No symbol) [0x00007FF62E60A967]
	(No symbol) [0x00007FF62E5EBCDF]
	(No symbol) [0x00007FF62E6081E2]
	(No symbol) [0x00007FF62E5EBA43]
	(No symbol) [0x00007FF62E5BD438]
	(No symbol) [0x00007FF62E5BE4D1]
	GetHandleVerifier [0x00007FF62EAD6AAD+3709933]
	GetHandleVerifier [0x00007FF62EB2FFED+4075821]
	GetHandleVerifier [0x00007FF62EB2817F+4043455]
	GetHandleVerifier [0x00007FF62E7F9756+706710]
	(No symbol) [0x00007FF62E6DB8FF]
	(No symbol) [0x00007FF62E6D6AE4]
	(No symbol) [0x00007FF62E6D6C3C]
	(No symbol) [0x00007FF62E6C68F4]
	BaseThreadInitThunk [0x00007FFFE413257D+29]
	RtlUserThreadStart [0x00007FFFE468AA58+40]

2024-02-28 14:42:12,894 - automationLogger - INFO - Element A1 Valet not found in workspace
2024-02-28 14:42:12,894 - automationLogger - INFO - No URL found for A1 Valet
2024-02-28 14:42:21,147 - automationLogger - INFO - Doesn't match. Trying again...
2024-02-28 14:42:29,971 - automationLogger - ERROR - NoSuchElementException: Message: no such element: Unable to locate element: {"method":"css selector","selector":".relative:nth-child(1) > .break-all .w-\[100px\]"}
  (Session info: chrome=122.0.6261.69); For documentation on this error, please visit: https://www.selenium.dev/documentation/webdriver/troubleshooting/errors#no-such-element-exception
Stacktrace:
	GetHandleVerifier [0x00007FF62E75AD22+56930]
	(No symbol) [0x00007FF62E6CF622]
	(No symbol) [0x00007FF62E5842E5]
	(No symbol) [0x00007FF62E5C98ED]
	(No symbol) [0x00007FF62E5C9A2C]
	(No symbol) [0x00007FF62E60A967]
	(No symbol) [0x00007FF62E5EBCDF]
	(No symbol) [0x00007FF62E6081E2]
	(No symbol) [0x00007FF62E5EBA43]
	(No symbol) [0x00007FF62E5BD438]
	(No symbol) [0x00007FF62E5BE4D1]
	GetHandleVerifier [0x00007FF62EAD6AAD+3709933]
	GetHandleVerifier [0x00007FF62EB2FFED+4075821]
	GetHandleVerifier [0x00007FF62EB2817F+4043455]
	GetHandleVerifier [0x00007FF62E7F9756+706710]
	(No symbol) [0x00007FF62E6DB8FF]
	(No symbol) [0x00007FF62E6D6AE4]
	(No symbol) [0x00007FF62E6D6C3C]
	(No symbol) [0x00007FF62E6C68F4]
	BaseThreadInitThunk [0x00007FFFE413257D+29]
	RtlUserThreadStart [0x00007FFFE468AA58+40]

2024-02-28 14:42:29,974 - automationLogger - INFO - Element AAA Parking not found in workspace
2024-02-28 14:42:29,974 - automationLogger - INFO - No URL found for AAA Parking
2024-02-28 14:42:38,733 - automationLogger - ERROR - NoSuchElementException: Message: no such element: Unable to locate element: {"method":"css selector","selector":".relative:nth-child(1) > .break-all .w-\[100px\]"}
  (Session info: chrome=122.0.6261.69); For documentation on this error, please visit: https://www.selenium.dev/documentation/webdriver/troubleshooting/errors#no-such-element-exception
Stacktrace:
	GetHandleVerifier [0x00007FF62E75AD22+56930]
	(No symbol) [0x00007FF62E6CF622]
	(No symbol) [0x00007FF62E5842E5]
	(No symbol) [0x00007FF62E5C98ED]
	(No symbol) [0x00007FF62E5C9A2C]
	(No symbol) [0x00007FF62E60A967]
	(No symbol) [0x00007FF62E5EBCDF]
	(No symbol) [0x00007FF62E6081E2]
	(No symbol) [0x00007FF62E5EBA43]
	(No symbol) [0x00007FF62E5BD438]
	(No symbol) [0x00007FF62E5BE4D1]
	GetHandleVerifier [0x00007FF62EAD6AAD+3709933]
	GetHandleVerifier [0x00007FF62EB2FFED+4075821]
	GetHandleVerifier [0x00007FF62EB2817F+4043455]
	GetHandleVerifier [0x00007FF62E7F9756+706710]
	(No symbol) [0x00007FF62E6DB8FF]
	(No symbol) [0x00007FF62E6D6AE4]
	(No symbol) [0x00007FF62E6D6C3C]
	(No symbol) [0x00007FF62E6C68F4]
	BaseThreadInitThunk [0x00007FFFE413257D+29]
	RtlUserThreadStart [0x00007FFFE468AA58+40]

2024-02-28 14:42:38,735 - automationLogger - INFO - Element AB Parking not found in workspace
2024-02-28 14:42:38,737 - automationLogger - INFO - No URL found for AB Parking
2024-02-28 14:42:47,551 - automationLogger - ERROR - NoSuchElementException: Message: no such element: Unable to locate element: {"method":"css selector","selector":".relative:nth-child(1) > .break-all .w-\[100px\]"}
  (Session info: chrome=122.0.6261.69); For documentation on this error, please visit: https://www.selenium.dev/documentation/webdriver/troubleshooting/errors#no-such-element-exception
Stacktrace:
	GetHandleVerifier [0x00007FF62E75AD22+56930]
	(No symbol) [0x00007FF62E6CF622]
	(No symbol) [0x00007FF62E5842E5]
	(No symbol) [0x00007FF62E5C98ED]
	(No symbol) [0x00007FF62E5C9A2C]
	(No symbol) [0x00007FF62E60A967]
	(No symbol) [0x00007FF62E5EBCDF]
	(No symbol) [0x00007FF62E6081E2]
	(No symbol) [0x00007FF62E5EBA43]
	(No symbol) [0x00007FF62E5BD438]
	(No symbol) [0x00007FF62E5BE4D1]
	GetHandleVerifier [0x00007FF62EAD6AAD+3709933]
	GetHandleVerifier [0x00007FF62EB2FFED+4075821]
	GetHandleVerifier [0x00007FF62EB2817F+4043455]
	GetHandleVerifier [0x00007FF62E7F9756+706710]
	(No symbol) [0x00007FF62E6DB8FF]
	(No symbol) [0x00007FF62E6D6AE4]
	(No symbol) [0x00007FF62E6D6C3C]
	(No symbol) [0x00007FF62E6C68F4]
	BaseThreadInitThunk [0x00007FFFE413257D+29]
	RtlUserThreadStart [0x00007FFFE468AA58+40]

2024-02-28 14:42:47,552 - automationLogger - INFO - Element ABC Professional Enterprise LLC not found in workspace
2024-02-28 14:42:47,552 - automationLogger - INFO - No URL found for ABC Professional Enterprise LLC
2024-02-28 14:42:56,443 - automationLogger - ERROR - NoSuchElementException: Message: no such element: Unable to locate element: {"method":"css selector","selector":".relative:nth-child(1) > .break-all .w-\[100px\]"}
  (Session info: chrome=122.0.6261.69); For documentation on this error, please visit: https://www.selenium.dev/documentation/webdriver/troubleshooting/errors#no-such-element-exception
Stacktrace:
	GetHandleVerifier [0x00007FF62E75AD22+56930]
	(No symbol) [0x00007FF62E6CF622]
	(No symbol) [0x00007FF62E5842E5]
	(No symbol) [0x00007FF62E5C98ED]
	(No symbol) [0x00007FF62E5C9A2C]
	(No symbol) [0x00007FF62E60A967]
	(No symbol) [0x00007FF62E5EBCDF]
	(No symbol) [0x00007FF62E6081E2]
	(No symbol) [0x00007FF62E5EBA43]
	(No symbol) [0x00007FF62E5BD438]
	(No symbol) [0x00007FF62E5BE4D1]
	GetHandleVerifier [0x00007FF62EAD6AAD+3709933]
	GetHandleVerifier [0x00007FF62EB2FFED+4075821]
	GetHandleVerifier [0x00007FF62EB2817F+4043455]
	GetHandleVerifier [0x00007FF62E7F9756+706710]
	(No symbol) [0x00007FF62E6DB8FF]
	(No symbol) [0x00007FF62E6D6AE4]
	(No symbol) [0x00007FF62E6D6C3C]
	(No symbol) [0x00007FF62E6C68F4]
	BaseThreadInitThunk [0x00007FFFE413257D+29]
	RtlUserThreadStart [0x00007FFFE468AA58+40]

2024-02-28 14:42:56,447 - automationLogger - INFO - Element ABC Services of Maryland not found in workspace
2024-02-28 14:42:56,447 - automationLogger - INFO - No URL found for ABC Services of Maryland
2024-02-28 14:43:05,386 - automationLogger - ERROR - NoSuchElementException: Message: no such element: Unable to locate element: {"method":"css selector","selector":".relative:nth-child(1) > .break-all .w-\[100px\]"}
  (Session info: chrome=122.0.6261.69); For documentation on this error, please visit: https://www.selenium.dev/documentation/webdriver/troubleshooting/errors#no-such-element-exception
Stacktrace:
	GetHandleVerifier [0x00007FF62E75AD22+56930]
	(No symbol) [0x00007FF62E6CF622]
	(No symbol) [0x00007FF62E5842E5]
	(No symbol) [0x00007FF62E5C98ED]
	(No symbol) [0x00007FF62E5C9A2C]
	(No symbol) [0x00007FF62E60A967]
	(No symbol) [0x00007FF62E5EBCDF]
	(No symbol) [0x00007FF62E6081E2]
	(No symbol) [0x00007FF62E5EBA43]
	(No symbol) [0x00007FF62E5BD438]
	(No symbol) [0x00007FF62E5BE4D1]
	GetHandleVerifier [0x00007FF62EAD6AAD+3709933]
	GetHandleVerifier [0x00007FF62EB2FFED+4075821]
	GetHandleVerifier [0x00007FF62EB2817F+4043455]
	GetHandleVerifier [0x00007FF62E7F9756+706710]
	(No symbol) [0x00007FF62E6DB8FF]
	(No symbol) [0x00007FF62E6D6AE4]
	(No symbol) [0x00007FF62E6D6C3C]
	(No symbol) [0x00007FF62E6C68F4]
	BaseThreadInitThunk [0x00007FFFE413257D+29]
	RtlUserThreadStart [0x00007FFFE468AA58+40]

2024-02-28 14:43:05,388 - automationLogger - INFO - Element ABM Chicago not found in workspace
2024-02-28 14:43:05,388 - automationLogger - INFO - No URL found for ABM Chicago
2024-02-28 14:43:14,183 - automationLogger - ERROR - NoSuchElementException: Message: no such element: Unable to locate element: {"method":"css selector","selector":".relative:nth-child(1) > .break-all .w-\[100px\]"}
  (Session info: chrome=122.0.6261.69); For documentation on this error, please visit: https://www.selenium.dev/documentation/webdriver/troubleshooting/errors#no-such-element-exception
Stacktrace:
	GetHandleVerifier [0x00007FF62E75AD22+56930]
	(No symbol) [0x00007FF62E6CF622]
	(No symbol) [0x00007FF62E5842E5]
	(No symbol) [0x00007FF62E5C98ED]
	(No symbol) [0x00007FF62E5C9A2C]
	(No symbol) [0x00007FF62E60A967]
	(No symbol) [0x00007FF62E5EBCDF]
	(No symbol) [0x00007FF62E6081E2]
	(No symbol) [0x00007FF62E5EBA43]
	(No symbol) [0x00007FF62E5BD438]
	(No symbol) [0x00007FF62E5BE4D1]
	GetHandleVerifier [0x00007FF62EAD6AAD+3709933]
	GetHandleVerifier [0x00007FF62EB2FFED+4075821]
	GetHandleVerifier [0x00007FF62EB2817F+4043455]
	GetHandleVerifier [0x00007FF62E7F9756+706710]
	(No symbol) [0x00007FF62E6DB8FF]
	(No symbol) [0x00007FF62E6D6AE4]
	(No symbol) [0x00007FF62E6D6C3C]
	(No symbol) [0x00007FF62E6C68F4]
	BaseThreadInitThunk [0x00007FFFE413257D+29]
	RtlUserThreadStart [0x00007FFFE468AA58+40]

2024-02-28 14:43:14,185 - automationLogger - INFO - Element ABM Healthcare not found in workspace
2024-02-28 14:43:14,185 - automationLogger - INFO - No URL found for ABM Healthcare
2024-02-28 14:43:22,971 - automationLogger - ERROR - NoSuchElementException: Message: no such element: Unable to locate element: {"method":"css selector","selector":".relative:nth-child(1) > .break-all .w-\[100px\]"}
  (Session info: chrome=122.0.6261.69); For documentation on this error, please visit: https://www.selenium.dev/documentation/webdriver/troubleshooting/errors#no-such-element-exception
Stacktrace:
	GetHandleVerifier [0x00007FF62E75AD22+56930]
	(No symbol) [0x00007FF62E6CF622]
	(No symbol) [0x00007FF62E5842E5]
	(No symbol) [0x00007FF62E5C98ED]
	(No symbol) [0x00007FF62E5C9A2C]
	(No symbol) [0x00007FF62E60A967]
	(No symbol) [0x00007FF62E5EBCDF]
	(No symbol) [0x00007FF62E6081E2]
	(No symbol) [0x00007FF62E5EBA43]
	(No symbol) [0x00007FF62E5BD438]
	(No symbol) [0x00007FF62E5BE4D1]
	GetHandleVerifier [0x00007FF62EAD6AAD+3709933]
	GetHandleVerifier [0x00007FF62EB2FFED+4075821]
	GetHandleVerifier [0x00007FF62EB2817F+4043455]
	GetHandleVerifier [0x00007FF62E7F9756+706710]
	(No symbol) [0x00007FF62E6DB8FF]
	(No symbol) [0x00007FF62E6D6AE4]
	(No symbol) [0x00007FF62E6D6C3C]
	(No symbol) [0x00007FF62E6C68F4]
	BaseThreadInitThunk [0x00007FFFE413257D+29]
	RtlUserThreadStart [0x00007FFFE468AA58+40]

2024-02-28 14:43:22,976 - automationLogger - INFO - Element ABM Las Vegas/Utah not found in workspace
2024-02-28 14:43:22,976 - automationLogger - INFO - No URL found for ABM Las Vegas/Utah
2024-02-28 14:43:31,813 - automationLogger - ERROR - NoSuchElementException: Message: no such element: Unable to locate element: {"method":"css selector","selector":".relative:nth-child(1) > .break-all .w-\[100px\]"}
  (Session info: chrome=122.0.6261.69); For documentation on this error, please visit: https://www.selenium.dev/documentation/webdriver/troubleshooting/errors#no-such-element-exception
Stacktrace:
	GetHandleVerifier [0x00007FF62E75AD22+56930]
	(No symbol) [0x00007FF62E6CF622]
	(No symbol) [0x00007FF62E5842E5]
	(No symbol) [0x00007FF62E5C98ED]
	(No symbol) [0x00007FF62E5C9A2C]
	(No symbol) [0x00007FF62E60A967]
	(No symbol) [0x00007FF62E5EBCDF]
	(No symbol) [0x00007FF62E6081E2]
	(No symbol) [0x00007FF62E5EBA43]
	(No symbol) [0x00007FF62E5BD438]
	(No symbol) [0x00007FF62E5BE4D1]
	GetHandleVerifier [0x00007FF62EAD6AAD+3709933]
	GetHandleVerifier [0x00007FF62EB2FFED+4075821]
	GetHandleVerifier [0x00007FF62EB2817F+4043455]
	GetHandleVerifier [0x00007FF62E7F9756+706710]
	(No symbol) [0x00007FF62E6DB8FF]
	(No symbol) [0x00007FF62E6D6AE4]
	(No symbol) [0x00007FF62E6D6C3C]
	(No symbol) [0x00007FF62E6C68F4]
	BaseThreadInitThunk [0x00007FFFE413257D+29]
	RtlUserThreadStart [0x00007FFFE468AA58+40]

2024-02-28 14:43:31,816 - automationLogger - INFO - Element ABM Los Angeles not found in workspace
2024-02-28 14:43:31,816 - automationLogger - INFO - No URL found for ABM Los Angeles
2024-02-28 14:43:40,750 - automationLogger - ERROR - NoSuchElementException: Message: no such element: Unable to locate element: {"method":"css selector","selector":".relative:nth-child(1) > .break-all .w-\[100px\]"}
  (Session info: chrome=122.0.6261.69); For documentation on this error, please visit: https://www.selenium.dev/documentation/webdriver/troubleshooting/errors#no-such-element-exception
Stacktrace:
	GetHandleVerifier [0x00007FF62E75AD22+56930]
	(No symbol) [0x00007FF62E6CF622]
	(No symbol) [0x00007FF62E5842E5]
	(No symbol) [0x00007FF62E5C98ED]
	(No symbol) [0x00007FF62E5C9A2C]
	(No symbol) [0x00007FF62E60A967]
	(No symbol) [0x00007FF62E5EBCDF]
	(No symbol) [0x00007FF62E6081E2]
	(No symbol) [0x00007FF62E5EBA43]
	(No symbol) [0x00007FF62E5BD438]
	(No symbol) [0x00007FF62E5BE4D1]
	GetHandleVerifier [0x00007FF62EAD6AAD+3709933]
	GetHandleVerifier [0x00007FF62EB2FFED+4075821]
	GetHandleVerifier [0x00007FF62EB2817F+4043455]
	GetHandleVerifier [0x00007FF62E7F9756+706710]
	(No symbol) [0x00007FF62E6DB8FF]
	(No symbol) [0x00007FF62E6D6AE4]
	(No symbol) [0x00007FF62E6D6C3C]
	(No symbol) [0x00007FF62E6C68F4]
	BaseThreadInitThunk [0x00007FFFE413257D+29]
	RtlUserThreadStart [0x00007FFFE468AA58+40]

2024-02-28 14:43:40,752 - automationLogger - INFO - Element ABM Parking Services not found in workspace
2024-02-28 14:43:40,753 - automationLogger - INFO - No URL found for ABM Parking Services
2024-02-28 14:43:48,986 - automationLogger - INFO - Doesn't match. Trying again...
2024-02-28 14:43:57,731 - automationLogger - ERROR - NoSuchElementException: Message: no such element: Unable to locate element: {"method":"css selector","selector":".relative:nth-child(1) > .break-all .w-\[100px\]"}
  (Session info: chrome=122.0.6261.69); For documentation on this error, please visit: https://www.selenium.dev/documentation/webdriver/troubleshooting/errors#no-such-element-exception
Stacktrace:
	GetHandleVerifier [0x00007FF62E75AD22+56930]
	(No symbol) [0x00007FF62E6CF622]
	(No symbol) [0x00007FF62E5842E5]
	(No symbol) [0x00007FF62E5C98ED]
	(No symbol) [0x00007FF62E5C9A2C]
	(No symbol) [0x00007FF62E60A967]
	(No symbol) [0x00007FF62E5EBCDF]
	(No symbol) [0x00007FF62E6081E2]
	(No symbol) [0x00007FF62E5EBA43]
	(No symbol) [0x00007FF62E5BD438]
	(No symbol) [0x00007FF62E5BE4D1]
	GetHandleVerifier [0x00007FF62EAD6AAD+3709933]
	GetHandleVerifier [0x00007FF62EB2FFED+4075821]
	GetHandleVerifier [0x00007FF62EB2817F+4043455]
	GetHandleVerifier [0x00007FF62E7F9756+706710]
	(No symbol) [0x00007FF62E6DB8FF]
	(No symbol) [0x00007FF62E6D6AE4]
	(No symbol) [0x00007FF62E6D6C3C]
	(No symbol) [0x00007FF62E6C68F4]
	BaseThreadInitThunk [0x00007FFFE413257D+29]
	RtlUserThreadStart [0x00007FFFE468AA58+40]

2024-02-28 14:43:57,734 - automationLogger - INFO - Element ABM Texas not found in workspace
2024-02-28 14:43:57,734 - automationLogger - INFO - No URL found for ABM Texas
2024-02-28 14:44:06,468 - automationLogger - ERROR - NoSuchElementException: Message: no such element: Unable to locate element: {"method":"css selector","selector":".relative:nth-child(1) > .break-all .w-\[100px\]"}
  (Session info: chrome=122.0.6261.69); For documentation on this error, please visit: https://www.selenium.dev/documentation/webdriver/troubleshooting/errors#no-such-element-exception
Stacktrace:
	GetHandleVerifier [0x00007FF62E75AD22+56930]
	(No symbol) [0x00007FF62E6CF622]
	(No symbol) [0x00007FF62E5842E5]
	(No symbol) [0x00007FF62E5C98ED]
	(No symbol) [0x00007FF62E5C9A2C]
	(No symbol) [0x00007FF62E60A967]
	(No symbol) [0x00007FF62E5EBCDF]
	(No symbol) [0x00007FF62E6081E2]
	(No symbol) [0x00007FF62E5EBA43]
	(No symbol) [0x00007FF62E5BD438]
	(No symbol) [0x00007FF62E5BE4D1]
	GetHandleVerifier [0x00007FF62EAD6AAD+3709933]
	GetHandleVerifier [0x00007FF62EB2FFED+4075821]
	GetHandleVerifier [0x00007FF62EB2817F+4043455]
	GetHandleVerifier [0x00007FF62E7F9756+706710]
	(No symbol) [0x00007FF62E6DB8FF]
	(No symbol) [0x00007FF62E6D6AE4]
	(No symbol) [0x00007FF62E6D6C3C]
	(No symbol) [0x00007FF62E6C68F4]
	BaseThreadInitThunk [0x00007FFFE413257D+29]
	RtlUserThreadStart [0x00007FFFE468AA58+40]

2024-02-28 14:44:06,470 - automationLogger - INFO - Element ABM Washington not found in workspace
2024-02-28 14:44:06,471 - automationLogger - INFO - No URL found for ABM Washington
2024-02-28 14:44:14,711 - automationLogger - INFO - Doesn't match. Trying again...
2024-02-28 14:44:23,443 - automationLogger - ERROR - NoSuchElementException: Message: no such element: Unable to locate element: {"method":"css selector","selector":".relative:nth-child(1) > .break-all .w-\[100px\]"}
  (Session info: chrome=122.0.6261.69); For documentation on this error, please visit: https://www.selenium.dev/documentation/webdriver/troubleshooting/errors#no-such-element-exception
Stacktrace:
	GetHandleVerifier [0x00007FF62E75AD22+56930]
	(No symbol) [0x00007FF62E6CF622]
	(No symbol) [0x00007FF62E5842E5]
	(No symbol) [0x00007FF62E5C98ED]
	(No symbol) [0x00007FF62E5C9A2C]
	(No symbol) [0x00007FF62E60A967]
	(No symbol) [0x00007FF62E5EBCDF]
	(No symbol) [0x00007FF62E6081E2]
	(No symbol) [0x00007FF62E5EBA43]
	(No symbol) [0x00007FF62E5BD438]
	(No symbol) [0x00007FF62E5BE4D1]
	GetHandleVerifier [0x00007FF62EAD6AAD+3709933]
	GetHandleVerifier [0x00007FF62EB2FFED+4075821]
	GetHandleVerifier [0x00007FF62EB2817F+4043455]
	GetHandleVerifier [0x00007FF62E7F9756+706710]
	(No symbol) [0x00007FF62E6DB8FF]
	(No symbol) [0x00007FF62E6D6AE4]
	(No symbol) [0x00007FF62E6D6C3C]
	(No symbol) [0x00007FF62E6C68F4]
	BaseThreadInitThunk [0x00007FFFE413257D+29]
	RtlUserThreadStart [0x00007FFFE468AA58+40]

2024-02-28 14:44:23,445 - automationLogger - INFO - Element Access Control Group not found in workspace
2024-02-28 14:44:23,446 - automationLogger - INFO - No URL found for Access Control Group
2024-02-28 14:44:32,218 - automationLogger - ERROR - NoSuchElementException: Message: no such element: Unable to locate element: {"method":"css selector","selector":".relative:nth-child(1) > .break-all .w-\[100px\]"}
  (Session info: chrome=122.0.6261.69); For documentation on this error, please visit: https://www.selenium.dev/documentation/webdriver/troubleshooting/errors#no-such-element-exception
Stacktrace:
	GetHandleVerifier [0x00007FF62E75AD22+56930]
	(No symbol) [0x00007FF62E6CF622]
	(No symbol) [0x00007FF62E5842E5]
	(No symbol) [0x00007FF62E5C98ED]
	(No symbol) [0x00007FF62E5C9A2C]
	(No symbol) [0x00007FF62E60A967]
	(No symbol) [0x00007FF62E5EBCDF]
	(No symbol) [0x00007FF62E6081E2]
	(No symbol) [0x00007FF62E5EBA43]
	(No symbol) [0x00007FF62E5BD438]
	(No symbol) [0x00007FF62E5BE4D1]
	GetHandleVerifier [0x00007FF62EAD6AAD+3709933]
	GetHandleVerifier [0x00007FF62EB2FFED+4075821]
	GetHandleVerifier [0x00007FF62EB2817F+4043455]
	GetHandleVerifier [0x00007FF62E7F9756+706710]
	(No symbol) [0x00007FF62E6DB8FF]
	(No symbol) [0x00007FF62E6D6AE4]
	(No symbol) [0x00007FF62E6D6C3C]
	(No symbol) [0x00007FF62E6C68F4]
	BaseThreadInitThunk [0x00007FFFE413257D+29]
	RtlUserThreadStart [0x00007FFFE468AA58+40]

2024-02-28 14:44:32,220 - automationLogger - INFO - Element Access Parking not found in workspace
2024-02-28 14:44:32,220 - automationLogger - INFO - No URL found for Access Parking
2024-02-28 14:44:40,516 - automationLogger - INFO - matched
2024-02-28 14:44:40,606 - automationLogger - INFO - Found workspace for: Ace Parking under https://admin.tez.io/workspaces/65407e502b36370e82c2ce87
2024-02-28 14:44:48,951 - automationLogger - INFO - Doesn't match. Trying again...
2024-02-28 14:44:57,227 - automationLogger - INFO - matched
2024-02-28 14:44:57,300 - automationLogger - INFO - Found workspace for: Ace Parking under https://admin.tez.io/workspaces/65407e502b36370e82c2ce87
2024-02-28 14:45:06,129 - automationLogger - ERROR - NoSuchElementException: Message: no such element: Unable to locate element: {"method":"css selector","selector":".relative:nth-child(1) > .break-all .w-\[100px\]"}
  (Session info: chrome=122.0.6261.69); For documentation on this error, please visit: https://www.selenium.dev/documentation/webdriver/troubleshooting/errors#no-such-element-exception
Stacktrace:
	GetHandleVerifier [0x00007FF62E75AD22+56930]
	(No symbol) [0x00007FF62E6CF622]
	(No symbol) [0x00007FF62E5842E5]
	(No symbol) [0x00007FF62E5C98ED]
	(No symbol) [0x00007FF62E5C9A2C]
	(No symbol) [0x00007FF62E60A967]
	(No symbol) [0x00007FF62E5EBCDF]
	(No symbol) [0x00007FF62E6081E2]
	(No symbol) [0x00007FF62E5EBA43]
	(No symbol) [0x00007FF62E5BD438]
	(No symbol) [0x00007FF62E5BE4D1]
	GetHandleVerifier [0x00007FF62EAD6AAD+3709933]
	GetHandleVerifier [0x00007FF62EB2FFED+4075821]
	GetHandleVerifier [0x00007FF62EB2817F+4043455]
	GetHandleVerifier [0x00007FF62E7F9756+706710]
	(No symbol) [0x00007FF62E6DB8FF]
	(No symbol) [0x00007FF62E6D6AE4]
	(No symbol) [0x00007FF62E6D6C3C]
	(No symbol) [0x00007FF62E6C68F4]
	BaseThreadInitThunk [0x00007FFFE413257D+29]
	RtlUserThreadStart [0x00007FFFE468AA58+40]

2024-02-28 14:45:06,132 - automationLogger - INFO - Element Acee's Inc not found in workspace
2024-02-28 14:45:06,133 - automationLogger - INFO - No URL found for Acee's Inc
2024-02-28 14:45:14,387 - automationLogger - INFO - Doesn't match. Trying again...
2024-02-28 14:45:23,144 - automationLogger - ERROR - NoSuchElementException: Message: no such element: Unable to locate element: {"method":"css selector","selector":".relative:nth-child(1) > .break-all .w-\[100px\]"}
  (Session info: chrome=122.0.6261.69); For documentation on this error, please visit: https://www.selenium.dev/documentation/webdriver/troubleshooting/errors#no-such-element-exception
Stacktrace:
	GetHandleVerifier [0x00007FF62E75AD22+56930]
	(No symbol) [0x00007FF62E6CF622]
	(No symbol) [0x00007FF62E5842E5]
	(No symbol) [0x00007FF62E5C98ED]
	(No symbol) [0x00007FF62E5C9A2C]
	(No symbol) [0x00007FF62E60A967]
	(No symbol) [0x00007FF62E5EBCDF]
	(No symbol) [0x00007FF62E6081E2]
	(No symbol) [0x00007FF62E5EBA43]
	(No symbol) [0x00007FF62E5BD438]
	(No symbol) [0x00007FF62E5BE4D1]
	GetHandleVerifier [0x00007FF62EAD6AAD+3709933]
	GetHandleVerifier [0x00007FF62EB2FFED+4075821]
	GetHandleVerifier [0x00007FF62EB2817F+4043455]
	GetHandleVerifier [0x00007FF62E7F9756+706710]
	(No symbol) [0x00007FF62E6DB8FF]
	(No symbol) [0x00007FF62E6D6AE4]
	(No symbol) [0x00007FF62E6D6C3C]
	(No symbol) [0x00007FF62E6C68F4]
	BaseThreadInitThunk [0x00007FFFE413257D+29]
	RtlUserThreadStart [0x00007FFFE468AA58+40]

2024-02-28 14:45:23,148 - automationLogger - INFO - Element Acee's Inc not found in workspace
2024-02-28 14:45:23,149 - automationLogger - INFO - No URL found for Acee's Inc
2024-02-28 14:45:31,965 - automationLogger - ERROR - NoSuchElementException: Message: no such element: Unable to locate element: {"method":"css selector","selector":".relative:nth-child(1) > .break-all .w-\[100px\]"}
  (Session info: chrome=122.0.6261.69); For documentation on this error, please visit: https://www.selenium.dev/documentation/webdriver/troubleshooting/errors#no-such-element-exception
Stacktrace:
	GetHandleVerifier [0x00007FF62E75AD22+56930]
	(No symbol) [0x00007FF62E6CF622]
	(No symbol) [0x00007FF62E5842E5]
	(No symbol) [0x00007FF62E5C98ED]
	(No symbol) [0x00007FF62E5C9A2C]
	(No symbol) [0x00007FF62E60A967]
	(No symbol) [0x00007FF62E5EBCDF]
	(No symbol) [0x00007FF62E6081E2]
	(No symbol) [0x00007FF62E5EBA43]
	(No symbol) [0x00007FF62E5BD438]
	(No symbol) [0x00007FF62E5BE4D1]
	GetHandleVerifier [0x00007FF62EAD6AAD+3709933]
	GetHandleVerifier [0x00007FF62EB2FFED+4075821]
	GetHandleVerifier [0x00007FF62EB2817F+4043455]
	GetHandleVerifier [0x00007FF62E7F9756+706710]
	(No symbol) [0x00007FF62E6DB8FF]
	(No symbol) [0x00007FF62E6D6AE4]
	(No symbol) [0x00007FF62E6D6C3C]
	(No symbol) [0x00007FF62E6C68F4]
	BaseThreadInitThunk [0x00007FFFE413257D+29]
	RtlUserThreadStart [0x00007FFFE468AA58+40]

2024-02-28 14:45:31,968 - automationLogger - INFO - Element Acqualina Management LLC not found in workspace
2024-02-28 14:45:31,968 - automationLogger - INFO - No URL found for Acqualina Management LLC
2024-02-28 14:45:40,237 - automationLogger - INFO - Doesn't match. Trying again...
2024-02-28 14:45:48,962 - automationLogger - ERROR - NoSuchElementException: Message: no such element: Unable to locate element: {"method":"css selector","selector":".relative:nth-child(1) > .break-all .w-\[100px\]"}
  (Session info: chrome=122.0.6261.69); For documentation on this error, please visit: https://www.selenium.dev/documentation/webdriver/troubleshooting/errors#no-such-element-exception
Stacktrace:
	GetHandleVerifier [0x00007FF62E75AD22+56930]
	(No symbol) [0x00007FF62E6CF622]
	(No symbol) [0x00007FF62E5842E5]
	(No symbol) [0x00007FF62E5C98ED]
	(No symbol) [0x00007FF62E5C9A2C]
	(No symbol) [0x00007FF62E60A967]
	(No symbol) [0x00007FF62E5EBCDF]
	(No symbol) [0x00007FF62E6081E2]
	(No symbol) [0x00007FF62E5EBA43]
	(No symbol) [0x00007FF62E5BD438]
	(No symbol) [0x00007FF62E5BE4D1]
	GetHandleVerifier [0x00007FF62EAD6AAD+3709933]
	GetHandleVerifier [0x00007FF62EB2FFED+4075821]
	GetHandleVerifier [0x00007FF62EB2817F+4043455]
	GetHandleVerifier [0x00007FF62E7F9756+706710]
	(No symbol) [0x00007FF62E6DB8FF]
	(No symbol) [0x00007FF62E6D6AE4]
	(No symbol) [0x00007FF62E6D6C3C]
	(No symbol) [0x00007FF62E6C68F4]
	BaseThreadInitThunk [0x00007FFFE413257D+29]
	RtlUserThreadStart [0x00007FFFE468AA58+40]

2024-02-28 14:45:48,964 - automationLogger - INFO - Element ADH Collision of Boston not found in workspace
2024-02-28 14:45:48,965 - automationLogger - INFO - No URL found for ADH Collision of Boston
2024-02-28 14:45:57,220 - automationLogger - INFO - Doesn't match. Trying again...
2024-02-28 14:46:06,055 - automationLogger - ERROR - NoSuchElementException: Message: no such element: Unable to locate element: {"method":"css selector","selector":".relative:nth-child(1) > .break-all .w-\[100px\]"}
  (Session info: chrome=122.0.6261.69); For documentation on this error, please visit: https://www.selenium.dev/documentation/webdriver/troubleshooting/errors#no-such-element-exception
Stacktrace:
	GetHandleVerifier [0x00007FF62E75AD22+56930]
	(No symbol) [0x00007FF62E6CF622]
	(No symbol) [0x00007FF62E5842E5]
	(No symbol) [0x00007FF62E5C98ED]
	(No symbol) [0x00007FF62E5C9A2C]
	(No symbol) [0x00007FF62E60A967]
	(No symbol) [0x00007FF62E5EBCDF]
	(No symbol) [0x00007FF62E6081E2]
	(No symbol) [0x00007FF62E5EBA43]
	(No symbol) [0x00007FF62E5BD438]
	(No symbol) [0x00007FF62E5BE4D1]
	GetHandleVerifier [0x00007FF62EAD6AAD+3709933]
	GetHandleVerifier [0x00007FF62EB2FFED+4075821]
	GetHandleVerifier [0x00007FF62EB2817F+4043455]
	GetHandleVerifier [0x00007FF62E7F9756+706710]
	(No symbol) [0x00007FF62E6DB8FF]
	(No symbol) [0x00007FF62E6D6AE4]
	(No symbol) [0x00007FF62E6D6C3C]
	(No symbol) [0x00007FF62E6C68F4]
	BaseThreadInitThunk [0x00007FFFE413257D+29]
	RtlUserThreadStart [0x00007FFFE468AA58+40]

2024-02-28 14:46:06,057 - automationLogger - INFO - Element Affiliated Parking Systems not found in workspace
2024-02-28 14:46:06,057 - automationLogger - INFO - No URL found for Affiliated Parking Systems
2024-02-28 14:46:14,811 - automationLogger - ERROR - NoSuchElementException: Message: no such element: Unable to locate element: {"method":"css selector","selector":".relative:nth-child(1) > .break-all .w-\[100px\]"}
  (Session info: chrome=122.0.6261.69); For documentation on this error, please visit: https://www.selenium.dev/documentation/webdriver/troubleshooting/errors#no-such-element-exception
Stacktrace:
	GetHandleVerifier [0x00007FF62E75AD22+56930]
	(No symbol) [0x00007FF62E6CF622]
	(No symbol) [0x00007FF62E5842E5]
	(No symbol) [0x00007FF62E5C98ED]
	(No symbol) [0x00007FF62E5C9A2C]
	(No symbol) [0x00007FF62E60A967]
	(No symbol) [0x00007FF62E5EBCDF]
	(No symbol) [0x00007FF62E6081E2]
	(No symbol) [0x00007FF62E5EBA43]
	(No symbol) [0x00007FF62E5BD438]
	(No symbol) [0x00007FF62E5BE4D1]
	GetHandleVerifier [0x00007FF62EAD6AAD+3709933]
	GetHandleVerifier [0x00007FF62EB2FFED+4075821]
	GetHandleVerifier [0x00007FF62EB2817F+4043455]
	GetHandleVerifier [0x00007FF62E7F9756+706710]
	(No symbol) [0x00007FF62E6DB8FF]
	(No symbol) [0x00007FF62E6D6AE4]
	(No symbol) [0x00007FF62E6D6C3C]
	(No symbol) [0x00007FF62E6C68F4]
	BaseThreadInitThunk [0x00007FFFE413257D+29]
	RtlUserThreadStart [0x00007FFFE468AA58+40]

2024-02-28 14:46:14,813 - automationLogger - INFO - Element Alamo Parking Solutions not found in workspace
2024-02-28 14:46:14,813 - automationLogger - INFO - No URL found for Alamo Parking Solutions
2024-02-28 14:46:23,552 - automationLogger - ERROR - NoSuchElementException: Message: no such element: Unable to locate element: {"method":"css selector","selector":".relative:nth-child(1) > .break-all .w-\[100px\]"}
  (Session info: chrome=122.0.6261.69); For documentation on this error, please visit: https://www.selenium.dev/documentation/webdriver/troubleshooting/errors#no-such-element-exception
Stacktrace:
	GetHandleVerifier [0x00007FF62E75AD22+56930]
	(No symbol) [0x00007FF62E6CF622]
	(No symbol) [0x00007FF62E5842E5]
	(No symbol) [0x00007FF62E5C98ED]
	(No symbol) [0x00007FF62E5C9A2C]
	(No symbol) [0x00007FF62E60A967]
	(No symbol) [0x00007FF62E5EBCDF]
	(No symbol) [0x00007FF62E6081E2]
	(No symbol) [0x00007FF62E5EBA43]
	(No symbol) [0x00007FF62E5BD438]
	(No symbol) [0x00007FF62E5BE4D1]
	GetHandleVerifier [0x00007FF62EAD6AAD+3709933]
	GetHandleVerifier [0x00007FF62EB2FFED+4075821]
	GetHandleVerifier [0x00007FF62EB2817F+4043455]
	GetHandleVerifier [0x00007FF62E7F9756+706710]
	(No symbol) [0x00007FF62E6DB8FF]
	(No symbol) [0x00007FF62E6D6AE4]
	(No symbol) [0x00007FF62E6D6C3C]
	(No symbol) [0x00007FF62E6C68F4]
	BaseThreadInitThunk [0x00007FFFE413257D+29]
	RtlUserThreadStart [0x00007FFFE468AA58+40]

2024-02-28 14:46:23,555 - automationLogger - INFO - Element All City Parking Management not found in workspace
2024-02-28 14:46:23,555 - automationLogger - INFO - No URL found for All City Parking Management
2024-02-28 14:46:31,795 - automationLogger - INFO - Doesn't match. Trying again...
2024-02-28 14:46:40,632 - automationLogger - ERROR - NoSuchElementException: Message: no such element: Unable to locate element: {"method":"css selector","selector":".relative:nth-child(1) > .break-all .w-\[100px\]"}
  (Session info: chrome=122.0.6261.69); For documentation on this error, please visit: https://www.selenium.dev/documentation/webdriver/troubleshooting/errors#no-such-element-exception
Stacktrace:
	GetHandleVerifier [0x00007FF62E75AD22+56930]
	(No symbol) [0x00007FF62E6CF622]
	(No symbol) [0x00007FF62E5842E5]
	(No symbol) [0x00007FF62E5C98ED]
	(No symbol) [0x00007FF62E5C9A2C]
	(No symbol) [0x00007FF62E60A967]
	(No symbol) [0x00007FF62E5EBCDF]
	(No symbol) [0x00007FF62E6081E2]
	(No symbol) [0x00007FF62E5EBA43]
	(No symbol) [0x00007FF62E5BD438]
	(No symbol) [0x00007FF62E5BE4D1]
	GetHandleVerifier [0x00007FF62EAD6AAD+3709933]
	GetHandleVerifier [0x00007FF62EB2FFED+4075821]
	GetHandleVerifier [0x00007FF62EB2817F+4043455]
	GetHandleVerifier [0x00007FF62E7F9756+706710]
	(No symbol) [0x00007FF62E6DB8FF]
	(No symbol) [0x00007FF62E6D6AE4]
	(No symbol) [0x00007FF62E6D6C3C]
	(No symbol) [0x00007FF62E6C68F4]
	BaseThreadInitThunk [0x00007FFFE413257D+29]
	RtlUserThreadStart [0x00007FFFE468AA58+40]

2024-02-28 14:46:40,634 - automationLogger - INFO - Element All City Parking Management not found in workspace
2024-02-28 14:46:40,635 - automationLogger - INFO - No URL found for All City Parking Management
2024-02-28 14:46:48,880 - automationLogger - INFO - Doesn't match. Trying again...
2024-02-28 14:46:57,616 - automationLogger - ERROR - NoSuchElementException: Message: no such element: Unable to locate element: {"method":"css selector","selector":".relative:nth-child(1) > .break-all .w-\[100px\]"}
  (Session info: chrome=122.0.6261.69); For documentation on this error, please visit: https://www.selenium.dev/documentation/webdriver/troubleshooting/errors#no-such-element-exception
Stacktrace:
	GetHandleVerifier [0x00007FF62E75AD22+56930]
	(No symbol) [0x00007FF62E6CF622]
	(No symbol) [0x00007FF62E5842E5]
	(No symbol) [0x00007FF62E5C98ED]
	(No symbol) [0x00007FF62E5C9A2C]
	(No symbol) [0x00007FF62E60A967]
	(No symbol) [0x00007FF62E5EBCDF]
	(No symbol) [0x00007FF62E6081E2]
	(No symbol) [0x00007FF62E5EBA43]
	(No symbol) [0x00007FF62E5BD438]
	(No symbol) [0x00007FF62E5BE4D1]
	GetHandleVerifier [0x00007FF62EAD6AAD+3709933]
	GetHandleVerifier [0x00007FF62EB2FFED+4075821]
	GetHandleVerifier [0x00007FF62EB2817F+4043455]
	GetHandleVerifier [0x00007FF62E7F9756+706710]
	(No symbol) [0x00007FF62E6DB8FF]
	(No symbol) [0x00007FF62E6D6AE4]
	(No symbol) [0x00007FF62E6D6C3C]
	(No symbol) [0x00007FF62E6C68F4]
	BaseThreadInitThunk [0x00007FFFE413257D+29]
	RtlUserThreadStart [0x00007FFFE468AA58+40]

2024-02-28 14:46:57,618 - automationLogger - INFO - Element Allpro Parking Ohio LLC not found in workspace
2024-02-28 14:46:57,620 - automationLogger - INFO - No URL found for Allpro Parking Ohio LLC
2024-02-28 14:47:06,405 - automationLogger - ERROR - NoSuchElementException: Message: no such element: Unable to locate element: {"method":"css selector","selector":".relative:nth-child(1) > .break-all .w-\[100px\]"}
  (Session info: chrome=122.0.6261.69); For documentation on this error, please visit: https://www.selenium.dev/documentation/webdriver/troubleshooting/errors#no-such-element-exception
Stacktrace:
	GetHandleVerifier [0x00007FF62E75AD22+56930]
	(No symbol) [0x00007FF62E6CF622]
	(No symbol) [0x00007FF62E5842E5]
	(No symbol) [0x00007FF62E5C98ED]
	(No symbol) [0x00007FF62E5C9A2C]
	(No symbol) [0x00007FF62E60A967]
	(No symbol) [0x00007FF62E5EBCDF]
	(No symbol) [0x00007FF62E6081E2]
	(No symbol) [0x00007FF62E5EBA43]
	(No symbol) [0x00007FF62E5BD438]
	(No symbol) [0x00007FF62E5BE4D1]
	GetHandleVerifier [0x00007FF62EAD6AAD+3709933]
	GetHandleVerifier [0x00007FF62EB2FFED+4075821]
	GetHandleVerifier [0x00007FF62EB2817F+4043455]
	GetHandleVerifier [0x00007FF62E7F9756+706710]
	(No symbol) [0x00007FF62E6DB8FF]
	(No symbol) [0x00007FF62E6D6AE4]
	(No symbol) [0x00007FF62E6D6C3C]
	(No symbol) [0x00007FF62E6C68F4]
	BaseThreadInitThunk [0x00007FFFE413257D+29]
	RtlUserThreadStart [0x00007FFFE468AA58+40]

2024-02-28 14:47:06,407 - automationLogger - INFO - Element Alritey Inc not found in workspace
2024-02-28 14:47:06,408 - automationLogger - INFO - No URL found for Alritey Inc
2024-02-28 14:47:15,143 - automationLogger - ERROR - NoSuchElementException: Message: no such element: Unable to locate element: {"method":"css selector","selector":".relative:nth-child(1) > .break-all .w-\[100px\]"}
  (Session info: chrome=122.0.6261.69); For documentation on this error, please visit: https://www.selenium.dev/documentation/webdriver/troubleshooting/errors#no-such-element-exception
Stacktrace:
	GetHandleVerifier [0x00007FF62E75AD22+56930]
	(No symbol) [0x00007FF62E6CF622]
	(No symbol) [0x00007FF62E5842E5]
	(No symbol) [0x00007FF62E5C98ED]
	(No symbol) [0x00007FF62E5C9A2C]
	(No symbol) [0x00007FF62E60A967]
	(No symbol) [0x00007FF62E5EBCDF]
	(No symbol) [0x00007FF62E6081E2]
	(No symbol) [0x00007FF62E5EBA43]
	(No symbol) [0x00007FF62E5BD438]
	(No symbol) [0x00007FF62E5BE4D1]
	GetHandleVerifier [0x00007FF62EAD6AAD+3709933]
	GetHandleVerifier [0x00007FF62EB2FFED+4075821]
	GetHandleVerifier [0x00007FF62EB2817F+4043455]
	GetHandleVerifier [0x00007FF62E7F9756+706710]
	(No symbol) [0x00007FF62E6DB8FF]
	(No symbol) [0x00007FF62E6D6AE4]
	(No symbol) [0x00007FF62E6D6C3C]
	(No symbol) [0x00007FF62E6C68F4]
	BaseThreadInitThunk [0x00007FFFE413257D+29]
	RtlUserThreadStart [0x00007FFFE468AA58+40]

2024-02-28 14:47:15,144 - automationLogger - INFO - Element American Parking not found in workspace
2024-02-28 14:47:15,144 - automationLogger - INFO - No URL found for American Parking
2024-02-28 14:47:23,903 - automationLogger - ERROR - NoSuchElementException: Message: no such element: Unable to locate element: {"method":"css selector","selector":".relative:nth-child(1) > .break-all .w-\[100px\]"}
  (Session info: chrome=122.0.6261.69); For documentation on this error, please visit: https://www.selenium.dev/documentation/webdriver/troubleshooting/errors#no-such-element-exception
Stacktrace:
	GetHandleVerifier [0x00007FF62E75AD22+56930]
	(No symbol) [0x00007FF62E6CF622]
	(No symbol) [0x00007FF62E5842E5]
	(No symbol) [0x00007FF62E5C98ED]
	(No symbol) [0x00007FF62E5C9A2C]
	(No symbol) [0x00007FF62E60A967]
	(No symbol) [0x00007FF62E5EBCDF]
	(No symbol) [0x00007FF62E6081E2]
	(No symbol) [0x00007FF62E5EBA43]
	(No symbol) [0x00007FF62E5BD438]
	(No symbol) [0x00007FF62E5BE4D1]
	GetHandleVerifier [0x00007FF62EAD6AAD+3709933]
	GetHandleVerifier [0x00007FF62EB2FFED+4075821]
	GetHandleVerifier [0x00007FF62EB2817F+4043455]
	GetHandleVerifier [0x00007FF62E7F9756+706710]
	(No symbol) [0x00007FF62E6DB8FF]
	(No symbol) [0x00007FF62E6D6AE4]
	(No symbol) [0x00007FF62E6D6C3C]
	(No symbol) [0x00007FF62E6C68F4]
	BaseThreadInitThunk [0x00007FFFE413257D+29]
	RtlUserThreadStart [0x00007FFFE468AA58+40]

2024-02-28 14:47:23,906 - automationLogger - INFO - Element American Union Hotel Inc not found in workspace
2024-02-28 14:47:23,906 - automationLogger - INFO - No URL found for American Union Hotel Inc
2024-02-28 14:47:32,656 - automationLogger - ERROR - NoSuchElementException: Message: no such element: Unable to locate element: {"method":"css selector","selector":".relative:nth-child(1) > .break-all .w-\[100px\]"}
  (Session info: chrome=122.0.6261.69); For documentation on this error, please visit: https://www.selenium.dev/documentation/webdriver/troubleshooting/errors#no-such-element-exception
Stacktrace:
	GetHandleVerifier [0x00007FF62E75AD22+56930]
	(No symbol) [0x00007FF62E6CF622]
	(No symbol) [0x00007FF62E5842E5]
	(No symbol) [0x00007FF62E5C98ED]
	(No symbol) [0x00007FF62E5C9A2C]
	(No symbol) [0x00007FF62E60A967]
	(No symbol) [0x00007FF62E5EBCDF]
	(No symbol) [0x00007FF62E6081E2]
	(No symbol) [0x00007FF62E5EBA43]
	(No symbol) [0x00007FF62E5BD438]
	(No symbol) [0x00007FF62E5BE4D1]
	GetHandleVerifier [0x00007FF62EAD6AAD+3709933]
	GetHandleVerifier [0x00007FF62EB2FFED+4075821]
	GetHandleVerifier [0x00007FF62EB2817F+4043455]
	GetHandleVerifier [0x00007FF62E7F9756+706710]
	(No symbol) [0x00007FF62E6DB8FF]
	(No symbol) [0x00007FF62E6D6AE4]
	(No symbol) [0x00007FF62E6D6C3C]
	(No symbol) [0x00007FF62E6C68F4]
	BaseThreadInitThunk [0x00007FFFE413257D+29]
	RtlUserThreadStart [0x00007FFFE468AA58+40]

2024-02-28 14:47:32,658 - automationLogger - INFO - Element American Valet Services not found in workspace
2024-02-28 14:47:32,658 - automationLogger - INFO - No URL found for American Valet Services
2024-02-28 14:47:41,442 - automationLogger - ERROR - NoSuchElementException: Message: no such element: Unable to locate element: {"method":"css selector","selector":".relative:nth-child(1) > .break-all .w-\[100px\]"}
  (Session info: chrome=122.0.6261.69); For documentation on this error, please visit: https://www.selenium.dev/documentation/webdriver/troubleshooting/errors#no-such-element-exception
Stacktrace:
	GetHandleVerifier [0x00007FF62E75AD22+56930]
	(No symbol) [0x00007FF62E6CF622]
	(No symbol) [0x00007FF62E5842E5]
	(No symbol) [0x00007FF62E5C98ED]
	(No symbol) [0x00007FF62E5C9A2C]
	(No symbol) [0x00007FF62E60A967]
	(No symbol) [0x00007FF62E5EBCDF]
	(No symbol) [0x00007FF62E6081E2]
	(No symbol) [0x00007FF62E5EBA43]
	(No symbol) [0x00007FF62E5BD438]
	(No symbol) [0x00007FF62E5BE4D1]
	GetHandleVerifier [0x00007FF62EAD6AAD+3709933]
	GetHandleVerifier [0x00007FF62EB2FFED+4075821]
	GetHandleVerifier [0x00007FF62EB2817F+4043455]
	GetHandleVerifier [0x00007FF62E7F9756+706710]
	(No symbol) [0x00007FF62E6DB8FF]
	(No symbol) [0x00007FF62E6D6AE4]
	(No symbol) [0x00007FF62E6D6C3C]
	(No symbol) [0x00007FF62E6C68F4]
	BaseThreadInitThunk [0x00007FFFE413257D+29]
	RtlUserThreadStart [0x00007FFFE468AA58+40]

2024-02-28 14:47:41,444 - automationLogger - INFO - Element AmeriPark LLC not found in workspace
2024-02-28 14:47:41,445 - automationLogger - INFO - No URL found for AmeriPark LLC
2024-02-28 14:47:49,691 - automationLogger - INFO - Doesn't match. Trying again...
2024-02-28 14:47:58,062 - automationLogger - INFO - Doesn't match. Trying again...
2024-02-28 14:48:06,798 - automationLogger - ERROR - NoSuchElementException: Message: no such element: Unable to locate element: {"method":"css selector","selector":".relative:nth-child(1) > .break-all .w-\[100px\]"}
  (Session info: chrome=122.0.6261.69); For documentation on this error, please visit: https://www.selenium.dev/documentation/webdriver/troubleshooting/errors#no-such-element-exception
Stacktrace:
	GetHandleVerifier [0x00007FF62E75AD22+56930]
	(No symbol) [0x00007FF62E6CF622]
	(No symbol) [0x00007FF62E5842E5]
	(No symbol) [0x00007FF62E5C98ED]
	(No symbol) [0x00007FF62E5C9A2C]
	(No symbol) [0x00007FF62E60A967]
	(No symbol) [0x00007FF62E5EBCDF]
	(No symbol) [0x00007FF62E6081E2]
	(No symbol) [0x00007FF62E5EBA43]
	(No symbol) [0x00007FF62E5BD438]
	(No symbol) [0x00007FF62E5BE4D1]
	GetHandleVerifier [0x00007FF62EAD6AAD+3709933]
	GetHandleVerifier [0x00007FF62EB2FFED+4075821]
	GetHandleVerifier [0x00007FF62EB2817F+4043455]
	GetHandleVerifier [0x00007FF62E7F9756+706710]
	(No symbol) [0x00007FF62E6DB8FF]
	(No symbol) [0x00007FF62E6D6AE4]
	(No symbol) [0x00007FF62E6D6C3C]
	(No symbol) [0x00007FF62E6C68F4]
	BaseThreadInitThunk [0x00007FFFE413257D+29]
	RtlUserThreadStart [0x00007FFFE468AA58+40]

2024-02-28 14:48:06,800 - automationLogger - INFO - Element AmeriPark LLC not found in workspace
2024-02-28 14:48:06,800 - automationLogger - INFO - No URL found for AmeriPark LLC
2024-02-28 14:48:15,603 - automationLogger - ERROR - NoSuchElementException: Message: no such element: Unable to locate element: {"method":"css selector","selector":".relative:nth-child(1) > .break-all .w-\[100px\]"}
  (Session info: chrome=122.0.6261.69); For documentation on this error, please visit: https://www.selenium.dev/documentation/webdriver/troubleshooting/errors#no-such-element-exception
Stacktrace:
	GetHandleVerifier [0x00007FF62E75AD22+56930]
	(No symbol) [0x00007FF62E6CF622]
	(No symbol) [0x00007FF62E5842E5]
	(No symbol) [0x00007FF62E5C98ED]
	(No symbol) [0x00007FF62E5C9A2C]
	(No symbol) [0x00007FF62E60A967]
	(No symbol) [0x00007FF62E5EBCDF]
	(No symbol) [0x00007FF62E6081E2]
	(No symbol) [0x00007FF62E5EBA43]
	(No symbol) [0x00007FF62E5BD438]
	(No symbol) [0x00007FF62E5BE4D1]
	GetHandleVerifier [0x00007FF62EAD6AAD+3709933]
	GetHandleVerifier [0x00007FF62EB2FFED+4075821]
	GetHandleVerifier [0x00007FF62EB2817F+4043455]
	GetHandleVerifier [0x00007FF62E7F9756+706710]
	(No symbol) [0x00007FF62E6DB8FF]
	(No symbol) [0x00007FF62E6D6AE4]
	(No symbol) [0x00007FF62E6D6C3C]
	(No symbol) [0x00007FF62E6C68F4]
	BaseThreadInitThunk [0x00007FFFE413257D+29]
	RtlUserThreadStart [0x00007FFFE468AA58+40]

2024-02-28 14:48:15,604 - automationLogger - INFO - Element AmeriPark LLC not found in workspace
2024-02-28 14:48:15,604 - automationLogger - INFO - No URL found for AmeriPark LLC
2024-02-28 14:48:24,316 - automationLogger - ERROR - NoSuchElementException: Message: no such element: Unable to locate element: {"method":"css selector","selector":".relative:nth-child(1) > .break-all .w-\[100px\]"}
  (Session info: chrome=122.0.6261.69); For documentation on this error, please visit: https://www.selenium.dev/documentation/webdriver/troubleshooting/errors#no-such-element-exception
Stacktrace:
	GetHandleVerifier [0x00007FF62E75AD22+56930]
	(No symbol) [0x00007FF62E6CF622]
	(No symbol) [0x00007FF62E5842E5]
	(No symbol) [0x00007FF62E5C98ED]
	(No symbol) [0x00007FF62E5C9A2C]
	(No symbol) [0x00007FF62E60A967]
	(No symbol) [0x00007FF62E5EBCDF]
	(No symbol) [0x00007FF62E6081E2]
	(No symbol) [0x00007FF62E5EBA43]
	(No symbol) [0x00007FF62E5BD438]
	(No symbol) [0x00007FF62E5BE4D1]
	GetHandleVerifier [0x00007FF62EAD6AAD+3709933]
	GetHandleVerifier [0x00007FF62EB2FFED+4075821]
	GetHandleVerifier [0x00007FF62EB2817F+4043455]
	GetHandleVerifier [0x00007FF62E7F9756+706710]
	(No symbol) [0x00007FF62E6DB8FF]
	(No symbol) [0x00007FF62E6D6AE4]
	(No symbol) [0x00007FF62E6D6C3C]
	(No symbol) [0x00007FF62E6C68F4]
	BaseThreadInitThunk [0x00007FFFE413257D+29]
	RtlUserThreadStart [0x00007FFFE468AA58+40]

2024-02-28 14:48:24,317 - automationLogger - INFO - Element AmeriPark LLC not found in workspace
2024-02-28 14:48:24,317 - automationLogger - INFO - No URL found for AmeriPark LLC
2024-02-28 14:48:33,122 - automationLogger - ERROR - NoSuchElementException: Message: no such element: Unable to locate element: {"method":"css selector","selector":".relative:nth-child(1) > .break-all .w-\[100px\]"}
  (Session info: chrome=122.0.6261.69); For documentation on this error, please visit: https://www.selenium.dev/documentation/webdriver/troubleshooting/errors#no-such-element-exception
Stacktrace:
	GetHandleVerifier [0x00007FF62E75AD22+56930]
	(No symbol) [0x00007FF62E6CF622]
	(No symbol) [0x00007FF62E5842E5]
	(No symbol) [0x00007FF62E5C98ED]
	(No symbol) [0x00007FF62E5C9A2C]
	(No symbol) [0x00007FF62E60A967]
	(No symbol) [0x00007FF62E5EBCDF]
	(No symbol) [0x00007FF62E6081E2]
	(No symbol) [0x00007FF62E5EBA43]
	(No symbol) [0x00007FF62E5BD438]
	(No symbol) [0x00007FF62E5BE4D1]
	GetHandleVerifier [0x00007FF62EAD6AAD+3709933]
	GetHandleVerifier [0x00007FF62EB2FFED+4075821]
	GetHandleVerifier [0x00007FF62EB2817F+4043455]
	GetHandleVerifier [0x00007FF62E7F9756+706710]
	(No symbol) [0x00007FF62E6DB8FF]
	(No symbol) [0x00007FF62E6D6AE4]
	(No symbol) [0x00007FF62E6D6C3C]
	(No symbol) [0x00007FF62E6C68F4]
	BaseThreadInitThunk [0x00007FFFE413257D+29]
	RtlUserThreadStart [0x00007FFFE468AA58+40]

2024-02-28 14:48:33,123 - automationLogger - INFO - Element AmeriPark LLC not found in workspace
2024-02-28 14:48:33,124 - automationLogger - INFO - No URL found for AmeriPark LLC
2024-02-28 14:48:41,852 - automationLogger - ERROR - NoSuchElementException: Message: no such element: Unable to locate element: {"method":"css selector","selector":".relative:nth-child(1) > .break-all .w-\[100px\]"}
  (Session info: chrome=122.0.6261.69); For documentation on this error, please visit: https://www.selenium.dev/documentation/webdriver/troubleshooting/errors#no-such-element-exception
Stacktrace:
	GetHandleVerifier [0x00007FF62E75AD22+56930]
	(No symbol) [0x00007FF62E6CF622]
	(No symbol) [0x00007FF62E5842E5]
	(No symbol) [0x00007FF62E5C98ED]
	(No symbol) [0x00007FF62E5C9A2C]
	(No symbol) [0x00007FF62E60A967]
	(No symbol) [0x00007FF62E5EBCDF]
	(No symbol) [0x00007FF62E6081E2]
	(No symbol) [0x00007FF62E5EBA43]
	(No symbol) [0x00007FF62E5BD438]
	(No symbol) [0x00007FF62E5BE4D1]
	GetHandleVerifier [0x00007FF62EAD6AAD+3709933]
	GetHandleVerifier [0x00007FF62EB2FFED+4075821]
	GetHandleVerifier [0x00007FF62EB2817F+4043455]
	GetHandleVerifier [0x00007FF62E7F9756+706710]
	(No symbol) [0x00007FF62E6DB8FF]
	(No symbol) [0x00007FF62E6D6AE4]
	(No symbol) [0x00007FF62E6D6C3C]
	(No symbol) [0x00007FF62E6C68F4]
	BaseThreadInitThunk [0x00007FFFE413257D+29]
	RtlUserThreadStart [0x00007FFFE468AA58+40]

2024-02-28 14:48:41,854 - automationLogger - INFO - Element AmeriPark LLC not found in workspace
2024-02-28 14:48:41,854 - automationLogger - INFO - No URL found for AmeriPark LLC
2024-02-28 14:48:50,574 - automationLogger - ERROR - NoSuchElementException: Message: no such element: Unable to locate element: {"method":"css selector","selector":".relative:nth-child(1) > .break-all .w-\[100px\]"}
  (Session info: chrome=122.0.6261.69); For documentation on this error, please visit: https://www.selenium.dev/documentation/webdriver/troubleshooting/errors#no-such-element-exception
Stacktrace:
	GetHandleVerifier [0x00007FF62E75AD22+56930]
	(No symbol) [0x00007FF62E6CF622]
	(No symbol) [0x00007FF62E5842E5]
	(No symbol) [0x00007FF62E5C98ED]
	(No symbol) [0x00007FF62E5C9A2C]
	(No symbol) [0x00007FF62E60A967]
	(No symbol) [0x00007FF62E5EBCDF]
	(No symbol) [0x00007FF62E6081E2]
	(No symbol) [0x00007FF62E5EBA43]
	(No symbol) [0x00007FF62E5BD438]
	(No symbol) [0x00007FF62E5BE4D1]
	GetHandleVerifier [0x00007FF62EAD6AAD+3709933]
	GetHandleVerifier [0x00007FF62EB2FFED+4075821]
	GetHandleVerifier [0x00007FF62EB2817F+4043455]
	GetHandleVerifier [0x00007FF62E7F9756+706710]
	(No symbol) [0x00007FF62E6DB8FF]
	(No symbol) [0x00007FF62E6D6AE4]
	(No symbol) [0x00007FF62E6D6C3C]
	(No symbol) [0x00007FF62E6C68F4]
	BaseThreadInitThunk [0x00007FFFE413257D+29]
	RtlUserThreadStart [0x00007FFFE468AA58+40]

2024-02-28 14:48:50,576 - automationLogger - INFO - Element AmeriPark LLC not found in workspace
2024-02-28 14:48:50,576 - automationLogger - INFO - No URL found for AmeriPark LLC
2024-02-28 14:48:59,341 - automationLogger - ERROR - NoSuchElementException: Message: no such element: Unable to locate element: {"method":"css selector","selector":".relative:nth-child(1) > .break-all .w-\[100px\]"}
  (Session info: chrome=122.0.6261.69); For documentation on this error, please visit: https://www.selenium.dev/documentation/webdriver/troubleshooting/errors#no-such-element-exception
Stacktrace:
	GetHandleVerifier [0x00007FF62E75AD22+56930]
	(No symbol) [0x00007FF62E6CF622]
	(No symbol) [0x00007FF62E5842E5]
	(No symbol) [0x00007FF62E5C98ED]
	(No symbol) [0x00007FF62E5C9A2C]
	(No symbol) [0x00007FF62E60A967]
	(No symbol) [0x00007FF62E5EBCDF]
	(No symbol) [0x00007FF62E6081E2]
	(No symbol) [0x00007FF62E5EBA43]
	(No symbol) [0x00007FF62E5BD438]
	(No symbol) [0x00007FF62E5BE4D1]
	GetHandleVerifier [0x00007FF62EAD6AAD+3709933]
	GetHandleVerifier [0x00007FF62EB2FFED+4075821]
	GetHandleVerifier [0x00007FF62EB2817F+4043455]
	GetHandleVerifier [0x00007FF62E7F9756+706710]
	(No symbol) [0x00007FF62E6DB8FF]
	(No symbol) [0x00007FF62E6D6AE4]
	(No symbol) [0x00007FF62E6D6C3C]
	(No symbol) [0x00007FF62E6C68F4]
	BaseThreadInitThunk [0x00007FFFE413257D+29]
	RtlUserThreadStart [0x00007FFFE468AA58+40]

2024-02-28 14:48:59,343 - automationLogger - INFO - Element Amexon Property Management Inc not found in workspace
2024-02-28 14:48:59,343 - automationLogger - INFO - No URL found for Amexon Property Management Inc
2024-02-28 14:49:08,070 - automationLogger - ERROR - NoSuchElementException: Message: no such element: Unable to locate element: {"method":"css selector","selector":".relative:nth-child(1) > .break-all .w-\[100px\]"}
  (Session info: chrome=122.0.6261.69); For documentation on this error, please visit: https://www.selenium.dev/documentation/webdriver/troubleshooting/errors#no-such-element-exception
Stacktrace:
	GetHandleVerifier [0x00007FF62E75AD22+56930]
	(No symbol) [0x00007FF62E6CF622]
	(No symbol) [0x00007FF62E5842E5]
	(No symbol) [0x00007FF62E5C98ED]
	(No symbol) [0x00007FF62E5C9A2C]
	(No symbol) [0x00007FF62E60A967]
	(No symbol) [0x00007FF62E5EBCDF]
	(No symbol) [0x00007FF62E6081E2]
	(No symbol) [0x00007FF62E5EBA43]
	(No symbol) [0x00007FF62E5BD438]
	(No symbol) [0x00007FF62E5BE4D1]
	GetHandleVerifier [0x00007FF62EAD6AAD+3709933]
	GetHandleVerifier [0x00007FF62EB2FFED+4075821]
	GetHandleVerifier [0x00007FF62EB2817F+4043455]
	GetHandleVerifier [0x00007FF62E7F9756+706710]
	(No symbol) [0x00007FF62E6DB8FF]
	(No symbol) [0x00007FF62E6D6AE4]
	(No symbol) [0x00007FF62E6D6C3C]
	(No symbol) [0x00007FF62E6C68F4]
	BaseThreadInitThunk [0x00007FFFE413257D+29]
	RtlUserThreadStart [0x00007FFFE468AA58+40]

2024-02-28 14:49:08,072 - automationLogger - INFO - Element AN Parking Inc not found in workspace
2024-02-28 14:49:08,072 - automationLogger - INFO - No URL found for AN Parking Inc
2024-02-28 14:49:16,979 - automationLogger - ERROR - NoSuchElementException: Message: no such element: Unable to locate element: {"method":"css selector","selector":".relative:nth-child(1) > .break-all .w-\[100px\]"}
  (Session info: chrome=122.0.6261.69); For documentation on this error, please visit: https://www.selenium.dev/documentation/webdriver/troubleshooting/errors#no-such-element-exception
Stacktrace:
	GetHandleVerifier [0x00007FF62E75AD22+56930]
	(No symbol) [0x00007FF62E6CF622]
	(No symbol) [0x00007FF62E5842E5]
	(No symbol) [0x00007FF62E5C98ED]
	(No symbol) [0x00007FF62E5C9A2C]
	(No symbol) [0x00007FF62E60A967]
	(No symbol) [0x00007FF62E5EBCDF]
	(No symbol) [0x00007FF62E6081E2]
	(No symbol) [0x00007FF62E5EBA43]
	(No symbol) [0x00007FF62E5BD438]
	(No symbol) [0x00007FF62E5BE4D1]
	GetHandleVerifier [0x00007FF62EAD6AAD+3709933]
	GetHandleVerifier [0x00007FF62EB2FFED+4075821]
	GetHandleVerifier [0x00007FF62EB2817F+4043455]
	GetHandleVerifier [0x00007FF62E7F9756+706710]
	(No symbol) [0x00007FF62E6DB8FF]
	(No symbol) [0x00007FF62E6D6AE4]
	(No symbol) [0x00007FF62E6D6C3C]
	(No symbol) [0x00007FF62E6C68F4]
	BaseThreadInitThunk [0x00007FFFE413257D+29]
	RtlUserThreadStart [0x00007FFFE468AA58+40]

2024-02-28 14:49:16,982 - automationLogger - INFO - Element Anderson Parking not found in workspace
2024-02-28 14:49:16,982 - automationLogger - INFO - No URL found for Anderson Parking
2024-02-28 14:49:25,688 - automationLogger - INFO - Doesn't match. Trying again...
2024-02-28 14:49:34,035 - automationLogger - INFO - Doesn't match. Trying again...
2024-02-28 14:49:42,772 - automationLogger - ERROR - NoSuchElementException: Message: no such element: Unable to locate element: {"method":"css selector","selector":".relative:nth-child(1) > .break-all .w-\[100px\]"}
  (Session info: chrome=122.0.6261.69); For documentation on this error, please visit: https://www.selenium.dev/documentation/webdriver/troubleshooting/errors#no-such-element-exception
Stacktrace:
	GetHandleVerifier [0x00007FF62E75AD22+56930]
	(No symbol) [0x00007FF62E6CF622]
	(No symbol) [0x00007FF62E5842E5]
	(No symbol) [0x00007FF62E5C98ED]
	(No symbol) [0x00007FF62E5C9A2C]
	(No symbol) [0x00007FF62E60A967]
	(No symbol) [0x00007FF62E5EBCDF]
	(No symbol) [0x00007FF62E6081E2]
	(No symbol) [0x00007FF62E5EBA43]
	(No symbol) [0x00007FF62E5BD438]
	(No symbol) [0x00007FF62E5BE4D1]
	GetHandleVerifier [0x00007FF62EAD6AAD+3709933]
	GetHandleVerifier [0x00007FF62EB2FFED+4075821]
	GetHandleVerifier [0x00007FF62EB2817F+4043455]
	GetHandleVerifier [0x00007FF62E7F9756+706710]
	(No symbol) [0x00007FF62E6DB8FF]
	(No symbol) [0x00007FF62E6D6AE4]
	(No symbol) [0x00007FF62E6D6C3C]
	(No symbol) [0x00007FF62E6C68F4]
	BaseThreadInitThunk [0x00007FFFE413257D+29]
	RtlUserThreadStart [0x00007FFFE468AA58+40]

2024-02-28 14:49:42,775 - automationLogger - INFO - Element Apex Parking LLC not found in workspace
2024-02-28 14:49:42,776 - automationLogger - INFO - No URL found for Apex Parking LLC
2024-02-28 14:49:51,085 - automationLogger - INFO - Doesn't match. Trying again...
2024-02-28 14:49:59,975 - automationLogger - ERROR - NoSuchElementException: Message: no such element: Unable to locate element: {"method":"css selector","selector":".relative:nth-child(1) > .break-all .w-\[100px\]"}
  (Session info: chrome=122.0.6261.69); For documentation on this error, please visit: https://www.selenium.dev/documentation/webdriver/troubleshooting/errors#no-such-element-exception
Stacktrace:
	GetHandleVerifier [0x00007FF62E75AD22+56930]
	(No symbol) [0x00007FF62E6CF622]
	(No symbol) [0x00007FF62E5842E5]
	(No symbol) [0x00007FF62E5C98ED]
	(No symbol) [0x00007FF62E5C9A2C]
	(No symbol) [0x00007FF62E60A967]
	(No symbol) [0x00007FF62E5EBCDF]
	(No symbol) [0x00007FF62E6081E2]
	(No symbol) [0x00007FF62E5EBA43]
	(No symbol) [0x00007FF62E5BD438]
	(No symbol) [0x00007FF62E5BE4D1]
	GetHandleVerifier [0x00007FF62EAD6AAD+3709933]
	GetHandleVerifier [0x00007FF62EB2FFED+4075821]
	GetHandleVerifier [0x00007FF62EB2817F+4043455]
	GetHandleVerifier [0x00007FF62E7F9756+706710]
	(No symbol) [0x00007FF62E6DB8FF]
	(No symbol) [0x00007FF62E6D6AE4]
	(No symbol) [0x00007FF62E6D6C3C]
	(No symbol) [0x00007FF62E6C68F4]
	BaseThreadInitThunk [0x00007FFFE413257D+29]
	RtlUserThreadStart [0x00007FFFE468AA58+40]

2024-02-28 14:49:59,977 - automationLogger - INFO - Element Apex Valet Inc not found in workspace
2024-02-28 14:49:59,978 - automationLogger - INFO - No URL found for Apex Valet Inc
2024-02-28 14:50:08,736 - automationLogger - ERROR - NoSuchElementException: Message: no such element: Unable to locate element: {"method":"css selector","selector":".relative:nth-child(1) > .break-all .w-\[100px\]"}
  (Session info: chrome=122.0.6261.69); For documentation on this error, please visit: https://www.selenium.dev/documentation/webdriver/troubleshooting/errors#no-such-element-exception
Stacktrace:
	GetHandleVerifier [0x00007FF62E75AD22+56930]
	(No symbol) [0x00007FF62E6CF622]
	(No symbol) [0x00007FF62E5842E5]
	(No symbol) [0x00007FF62E5C98ED]
	(No symbol) [0x00007FF62E5C9A2C]
	(No symbol) [0x00007FF62E60A967]
	(No symbol) [0x00007FF62E5EBCDF]
	(No symbol) [0x00007FF62E6081E2]
	(No symbol) [0x00007FF62E5EBA43]
	(No symbol) [0x00007FF62E5BD438]
	(No symbol) [0x00007FF62E5BE4D1]
	GetHandleVerifier [0x00007FF62EAD6AAD+3709933]
	GetHandleVerifier [0x00007FF62EB2FFED+4075821]
	GetHandleVerifier [0x00007FF62EB2817F+4043455]
	GetHandleVerifier [0x00007FF62E7F9756+706710]
	(No symbol) [0x00007FF62E6DB8FF]
	(No symbol) [0x00007FF62E6D6AE4]
	(No symbol) [0x00007FF62E6D6C3C]
	(No symbol) [0x00007FF62E6C68F4]
	BaseThreadInitThunk [0x00007FFFE413257D+29]
	RtlUserThreadStart [0x00007FFFE468AA58+40]

2024-02-28 14:50:08,738 - automationLogger - INFO - Element Apogee South Beach not found in workspace
2024-02-28 14:50:08,739 - automationLogger - INFO - No URL found for Apogee South Beach
2024-02-28 14:50:17,465 - automationLogger - ERROR - NoSuchElementException: Message: no such element: Unable to locate element: {"method":"css selector","selector":".relative:nth-child(1) > .break-all .w-\[100px\]"}
  (Session info: chrome=122.0.6261.69); For documentation on this error, please visit: https://www.selenium.dev/documentation/webdriver/troubleshooting/errors#no-such-element-exception
Stacktrace:
	GetHandleVerifier [0x00007FF62E75AD22+56930]
	(No symbol) [0x00007FF62E6CF622]
	(No symbol) [0x00007FF62E5842E5]
	(No symbol) [0x00007FF62E5C98ED]
	(No symbol) [0x00007FF62E5C9A2C]
	(No symbol) [0x00007FF62E60A967]
	(No symbol) [0x00007FF62E5EBCDF]
	(No symbol) [0x00007FF62E6081E2]
	(No symbol) [0x00007FF62E5EBA43]
	(No symbol) [0x00007FF62E5BD438]
	(No symbol) [0x00007FF62E5BE4D1]
	GetHandleVerifier [0x00007FF62EAD6AAD+3709933]
	GetHandleVerifier [0x00007FF62EB2FFED+4075821]
	GetHandleVerifier [0x00007FF62EB2817F+4043455]
	GetHandleVerifier [0x00007FF62E7F9756+706710]
	(No symbol) [0x00007FF62E6DB8FF]
	(No symbol) [0x00007FF62E6D6AE4]
	(No symbol) [0x00007FF62E6D6C3C]
	(No symbol) [0x00007FF62E6C68F4]
	BaseThreadInitThunk [0x00007FFFE413257D+29]
	RtlUserThreadStart [0x00007FFFE468AA58+40]

2024-02-28 14:50:17,467 - automationLogger - INFO - Element Appleton International Airport-ATW not found in workspace
2024-02-28 14:50:17,467 - automationLogger - INFO - No URL found for Appleton International Airport-ATW
2024-02-28 14:50:26,200 - automationLogger - ERROR - NoSuchElementException: Message: no such element: Unable to locate element: {"method":"css selector","selector":".relative:nth-child(1) > .break-all .w-\[100px\]"}
  (Session info: chrome=122.0.6261.69); For documentation on this error, please visit: https://www.selenium.dev/documentation/webdriver/troubleshooting/errors#no-such-element-exception
Stacktrace:
	GetHandleVerifier [0x00007FF62E75AD22+56930]
	(No symbol) [0x00007FF62E6CF622]
	(No symbol) [0x00007FF62E5842E5]
	(No symbol) [0x00007FF62E5C98ED]
	(No symbol) [0x00007FF62E5C9A2C]
	(No symbol) [0x00007FF62E60A967]
	(No symbol) [0x00007FF62E5EBCDF]
	(No symbol) [0x00007FF62E6081E2]
	(No symbol) [0x00007FF62E5EBA43]
	(No symbol) [0x00007FF62E5BD438]
	(No symbol) [0x00007FF62E5BE4D1]
	GetHandleVerifier [0x00007FF62EAD6AAD+3709933]
	GetHandleVerifier [0x00007FF62EB2FFED+4075821]
	GetHandleVerifier [0x00007FF62EB2817F+4043455]
	GetHandleVerifier [0x00007FF62E7F9756+706710]
	(No symbol) [0x00007FF62E6DB8FF]
	(No symbol) [0x00007FF62E6D6AE4]
	(No symbol) [0x00007FF62E6D6C3C]
	(No symbol) [0x00007FF62E6C68F4]
	BaseThreadInitThunk [0x00007FFFE413257D+29]
	RtlUserThreadStart [0x00007FFFE468AA58+40]

2024-02-28 14:50:26,202 - automationLogger - INFO - Element Arendell Street Partners LLC not found in workspace
2024-02-28 14:50:26,203 - automationLogger - INFO - No URL found for Arendell Street Partners LLC
